{"C:\\Users\\Natha\\OneDrive\\Documents\\_Projects\\winzo\\_Build\\winzo-platform\\winzo-frontend\\src\\App.tsx": {"path":"C:\\Users\\Natha\\OneDrive\\Documents\\_Projects\\winzo\\_Build\\winzo-platform\\winzo-frontend\\src\\App.tsx","statementMap":{"0":{"start":{"line":14,"column":17},"end":{"line":14,"column":61}},"1":{"start":{"line":14,"column":34},"end":{"line":14,"column":60}},"2":{"start":{"line":15,"column":14},"end":{"line":15,"column":55}},"3":{"start":{"line":15,"column":31},"end":{"line":15,"column":54}},"4":{"start":{"line":16,"column":17},"end":{"line":16,"column":61}},"5":{"start":{"line":16,"column":34},"end":{"line":16,"column":60}},"6":{"start":{"line":17,"column":18},"end":{"line":17,"column":63}},"7":{"start":{"line":17,"column":35},"end":{"line":17,"column":62}},"8":{"start":{"line":18,"column":15},"end":{"line":18,"column":57}},"9":{"start":{"line":18,"column":32},"end":{"line":18,"column":56}},"10":{"start":{"line":19,"column":16},"end":{"line":19,"column":59}},"11":{"start":{"line":19,"column":33},"end":{"line":19,"column":58}},"12":{"start":{"line":20,"column":16},"end":{"line":20,"column":59}},"13":{"start":{"line":20,"column":33},"end":{"line":20,"column":58}},"14":{"start":{"line":21,"column":19},"end":{"line":21,"column":65}},"15":{"start":{"line":21,"column":36},"end":{"line":21,"column":64}},"16":{"start":{"line":22,"column":17},"end":{"line":22,"column":61}},"17":{"start":{"line":22,"column":34},"end":{"line":22,"column":60}},"18":{"start":{"line":25,"column":23},"end":{"line":25,"column":79}},"19":{"start":{"line":25,"column":40},"end":{"line":25,"column":78}},"20":{"start":{"line":26,"column":23},"end":{"line":26,"column":79}},"21":{"start":{"line":26,"column":40},"end":{"line":26,"column":78}},"22":{"start":{"line":29,"column":62},"end":{"line":37,"column":1}},"23":{"start":{"line":30,"column":2},"end":{"line":36,"column":4}},"24":{"start":{"line":40,"column":64},"end":{"line":52,"column":1}},"25":{"start":{"line":41,"column":41},"end":{"line":41,"column":50}},"26":{"start":{"line":43,"column":2},"end":{"line":45,"column":3}},"27":{"start":{"line":44,"column":4},"end":{"line":44,"column":68}},"28":{"start":{"line":47,"column":2},"end":{"line":49,"column":3}},"29":{"start":{"line":48,"column":4},"end":{"line":48,"column":44}},"30":{"start":{"line":51,"column":2},"end":{"line":51,"column":25}},"31":{"start":{"line":55,"column":61},"end":{"line":67,"column":1}},"32":{"start":{"line":56,"column":41},"end":{"line":56,"column":50}},"33":{"start":{"line":58,"column":2},"end":{"line":60,"column":3}},"34":{"start":{"line":59,"column":4},"end":{"line":59,"column":68}},"35":{"start":{"line":62,"column":2},"end":{"line":64,"column":3}},"36":{"start":{"line":63,"column":4},"end":{"line":63,"column":48}},"37":{"start":{"line":66,"column":2},"end":{"line":66,"column":25}},"38":{"start":{"line":70,"column":28},"end":{"line":236,"column":1}},"39":{"start":{"line":71,"column":19},"end":{"line":71,"column":32}},"40":{"start":{"line":72,"column":42},"end":{"line":72,"column":69}},"41":{"start":{"line":73,"column":30},"end":{"line":73,"column":39}},"42":{"start":{"line":75,"column":2},"end":{"line":77,"column":26}},"43":{"start":{"line":76,"column":4},"end":{"line":76,"column":39}},"44":{"start":{"line":80,"column":24},"end":{"line":80,"column":80}},"45":{"start":{"line":82,"column":2},"end":{"line":125,"column":3}},"46":{"start":{"line":83,"column":4},"end":{"line":124,"column":6}},"47":{"start":{"line":128,"column":2},"end":{"line":235,"column":4}},"48":{"start":{"line":239,"column":40},"end":{"line":285,"column":1}},"49":{"start":{"line":240,"column":36},"end":{"line":240,"column":59}},"50":{"start":{"line":242,"column":2},"end":{"line":242,"column":46}},"51":{"start":{"line":242,"column":34},"end":{"line":242,"column":46}},"52":{"start":{"line":244,"column":2},"end":{"line":284,"column":4}},"53":{"start":{"line":247,"column":8},"end":{"line":281,"column":14}},"54":{"start":{"line":256,"column":31},"end":{"line":256,"column":54}},"55":{"start":{"line":267,"column":18},"end":{"line":276,"column":27}},"56":{"start":{"line":271,"column":22},"end":{"line":271,"column":38}},"57":{"start":{"line":272,"column":22},"end":{"line":272,"column":46}},"58":{"start":{"line":288,"column":35},"end":{"line":303,"column":1}},"59":{"start":{"line":289,"column":19},"end":{"line":289,"column":36}},"60":{"start":{"line":291,"column":2},"end":{"line":291,"column":28}},"61":{"start":{"line":291,"column":16},"end":{"line":291,"column":28}},"62":{"start":{"line":293,"column":2},"end":{"line":302,"column":4}},"63":{"start":{"line":305,"column":22},"end":{"line":376,"column":1}},"64":{"start":{"line":306,"column":36},"end":{"line":306,"column":51}},"65":{"start":{"line":307,"column":46},"end":{"line":307,"column":60}},"66":{"start":{"line":309,"column":2},"end":{"line":334,"column":9}},"67":{"start":{"line":311,"column":23},"end":{"line":319,"column":5}},"68":{"start":{"line":312,"column":6},"end":{"line":318,"column":7}},"69":{"start":{"line":313,"column":8},"end":{"line":313,"column":54}},"70":{"start":{"line":314,"column":8},"end":{"line":314,"column":36}},"71":{"start":{"line":315,"column":8},"end":{"line":315,"column":62}},"72":{"start":{"line":317,"column":8},"end":{"line":317,"column":68}},"73":{"start":{"line":321,"column":4},"end":{"line":321,"column":17}},"74":{"start":{"line":324,"column":27},"end":{"line":327,"column":5}},"75":{"start":{"line":326,"column":6},"end":{"line":326,"column":53}},"76":{"start":{"line":329,"column":4},"end":{"line":329,"column":67}},"77":{"start":{"line":331,"column":4},"end":{"line":333,"column":6}},"78":{"start":{"line":332,"column":6},"end":{"line":332,"column":72}},"79":{"start":{"line":336,"column":27},"end":{"line":339,"column":3}},"80":{"start":{"line":337,"column":4},"end":{"line":337,"column":29}},"81":{"start":{"line":338,"column":4},"end":{"line":338,"column":46}},"82":{"start":{"line":341,"column":27},"end":{"line":343,"column":3}},"83":{"start":{"line":342,"column":4},"end":{"line":342,"column":29}},"84":{"start":{"line":345,"column":2},"end":{"line":375,"column":4}},"85":{"start":{"line":348,"column":8},"end":{"line":348,"column":60}}},"fnMap":{"0":{"name":"(anonymous_0)","decl":{"start":{"line":14,"column":28},"end":{"line":14,"column":29}},"loc":{"start":{"line":14,"column":34},"end":{"line":14,"column":60}},"line":14},"1":{"name":"(anonymous_1)","decl":{"start":{"line":15,"column":25},"end":{"line":15,"column":26}},"loc":{"start":{"line":15,"column":31},"end":{"line":15,"column":54}},"line":15},"2":{"name":"(anonymous_2)","decl":{"start":{"line":16,"column":28},"end":{"line":16,"column":29}},"loc":{"start":{"line":16,"column":34},"end":{"line":16,"column":60}},"line":16},"3":{"name":"(anonymous_3)","decl":{"start":{"line":17,"column":29},"end":{"line":17,"column":30}},"loc":{"start":{"line":17,"column":35},"end":{"line":17,"column":62}},"line":17},"4":{"name":"(anonymous_4)","decl":{"start":{"line":18,"column":26},"end":{"line":18,"column":27}},"loc":{"start":{"line":18,"column":32},"end":{"line":18,"column":56}},"line":18},"5":{"name":"(anonymous_5)","decl":{"start":{"line":19,"column":27},"end":{"line":19,"column":28}},"loc":{"start":{"line":19,"column":33},"end":{"line":19,"column":58}},"line":19},"6":{"name":"(anonymous_6)","decl":{"start":{"line":20,"column":27},"end":{"line":20,"column":28}},"loc":{"start":{"line":20,"column":33},"end":{"line":20,"column":58}},"line":20},"7":{"name":"(anonymous_7)","decl":{"start":{"line":21,"column":30},"end":{"line":21,"column":31}},"loc":{"start":{"line":21,"column":36},"end":{"line":21,"column":64}},"line":21},"8":{"name":"(anonymous_8)","decl":{"start":{"line":22,"column":28},"end":{"line":22,"column":29}},"loc":{"start":{"line":22,"column":34},"end":{"line":22,"column":60}},"line":22},"9":{"name":"(anonymous_9)","decl":{"start":{"line":25,"column":34},"end":{"line":25,"column":35}},"loc":{"start":{"line":25,"column":40},"end":{"line":25,"column":78}},"line":25},"10":{"name":"(anonymous_10)","decl":{"start":{"line":26,"column":34},"end":{"line":26,"column":35}},"loc":{"start":{"line":26,"column":40},"end":{"line":26,"column":78}},"line":26},"11":{"name":"(anonymous_11)","decl":{"start":{"line":29,"column":62},"end":{"line":29,"column":63}},"loc":{"start":{"line":29,"column":80},"end":{"line":37,"column":1}},"line":29},"12":{"name":"(anonymous_12)","decl":{"start":{"line":40,"column":64},"end":{"line":40,"column":65}},"loc":{"start":{"line":40,"column":82},"end":{"line":52,"column":1}},"line":40},"13":{"name":"(anonymous_13)","decl":{"start":{"line":55,"column":61},"end":{"line":55,"column":62}},"loc":{"start":{"line":55,"column":79},"end":{"line":67,"column":1}},"line":55},"14":{"name":"(anonymous_14)","decl":{"start":{"line":70,"column":28},"end":{"line":70,"column":29}},"loc":{"start":{"line":70,"column":34},"end":{"line":236,"column":1}},"line":70},"15":{"name":"(anonymous_15)","decl":{"start":{"line":75,"column":12},"end":{"line":75,"column":13}},"loc":{"start":{"line":75,"column":18},"end":{"line":77,"column":3}},"line":75},"16":{"name":"(anonymous_16)","decl":{"start":{"line":239,"column":40},"end":{"line":239,"column":41}},"loc":{"start":{"line":239,"column":46},"end":{"line":285,"column":1}},"line":239},"17":{"name":"(anonymous_17)","decl":{"start":{"line":246,"column":25},"end":{"line":246,"column":26}},"loc":{"start":{"line":247,"column":8},"end":{"line":281,"column":14}},"line":247},"18":{"name":"(anonymous_18)","decl":{"start":{"line":256,"column":25},"end":{"line":256,"column":26}},"loc":{"start":{"line":256,"column":31},"end":{"line":256,"column":54}},"line":256},"19":{"name":"(anonymous_19)","decl":{"start":{"line":266,"column":42},"end":{"line":266,"column":43}},"loc":{"start":{"line":267,"column":18},"end":{"line":276,"column":27}},"line":267},"20":{"name":"(anonymous_20)","decl":{"start":{"line":270,"column":29},"end":{"line":270,"column":30}},"loc":{"start":{"line":270,"column":35},"end":{"line":273,"column":21}},"line":270},"21":{"name":"(anonymous_21)","decl":{"start":{"line":288,"column":35},"end":{"line":288,"column":36}},"loc":{"start":{"line":288,"column":41},"end":{"line":303,"column":1}},"line":288},"22":{"name":"(anonymous_22)","decl":{"start":{"line":305,"column":22},"end":{"line":305,"column":23}},"loc":{"start":{"line":305,"column":28},"end":{"line":376,"column":1}},"line":305},"23":{"name":"(anonymous_23)","decl":{"start":{"line":309,"column":12},"end":{"line":309,"column":13}},"loc":{"start":{"line":309,"column":18},"end":{"line":334,"column":3}},"line":309},"24":{"name":"(anonymous_24)","decl":{"start":{"line":311,"column":23},"end":{"line":311,"column":24}},"loc":{"start":{"line":311,"column":35},"end":{"line":319,"column":5}},"line":311},"25":{"name":"(anonymous_25)","decl":{"start":{"line":324,"column":27},"end":{"line":324,"column":28}},"loc":{"start":{"line":324,"column":33},"end":{"line":327,"column":5}},"line":324},"26":{"name":"(anonymous_26)","decl":{"start":{"line":331,"column":11},"end":{"line":331,"column":12}},"loc":{"start":{"line":331,"column":17},"end":{"line":333,"column":5}},"line":331},"27":{"name":"(anonymous_27)","decl":{"start":{"line":336,"column":27},"end":{"line":336,"column":28}},"loc":{"start":{"line":336,"column":33},"end":{"line":339,"column":3}},"line":336},"28":{"name":"(anonymous_28)","decl":{"start":{"line":341,"column":27},"end":{"line":341,"column":28}},"loc":{"start":{"line":341,"column":33},"end":{"line":343,"column":3}},"line":341},"29":{"name":"(anonymous_29)","decl":{"start":{"line":347,"column":15},"end":{"line":347,"column":16}},"loc":{"start":{"line":347,"column":37},"end":{"line":350,"column":7}},"line":347}},"branchMap":{"0":{"loc":{"start":{"line":43,"column":2},"end":{"line":45,"column":3}},"type":"if","locations":[{"start":{"line":43,"column":2},"end":{"line":45,"column":3}},{"start":{},"end":{}}],"line":43},"1":{"loc":{"start":{"line":47,"column":2},"end":{"line":49,"column":3}},"type":"if","locations":[{"start":{"line":47,"column":2},"end":{"line":49,"column":3}},{"start":{},"end":{}}],"line":47},"2":{"loc":{"start":{"line":58,"column":2},"end":{"line":60,"column":3}},"type":"if","locations":[{"start":{"line":58,"column":2},"end":{"line":60,"column":3}},{"start":{},"end":{}}],"line":58},"3":{"loc":{"start":{"line":62,"column":2},"end":{"line":64,"column":3}},"type":"if","locations":[{"start":{"line":62,"column":2},"end":{"line":64,"column":3}},{"start":{},"end":{}}],"line":62},"4":{"loc":{"start":{"line":82,"column":2},"end":{"line":125,"column":3}},"type":"if","locations":[{"start":{"line":82,"column":2},"end":{"line":125,"column":3}},{"start":{},"end":{}}],"line":82},"5":{"loc":{"start":{"line":228,"column":12},"end":{"line":230,"column":46}},"type":"cond-expr","locations":[{"start":{"line":229,"column":14},"end":{"line":229,"column":50}},{"start":{"line":230,"column":14},"end":{"line":230,"column":46}}],"line":228},"6":{"loc":{"start":{"line":242,"column":2},"end":{"line":242,"column":46}},"type":"if","locations":[{"start":{"line":242,"column":2},"end":{"line":242,"column":46}},{"start":{},"end":{}}],"line":242},"7":{"loc":{"start":{"line":264,"column":13},"end":{"line":279,"column":13}},"type":"binary-expr","locations":[{"start":{"line":264,"column":13},"end":{"line":264,"column":33}},{"start":{"line":265,"column":14},"end":{"line":278,"column":20}}],"line":264},"8":{"loc":{"start":{"line":269,"column":54},"end":{"line":269,"column":81}},"type":"binary-expr","locations":[{"start":{"line":269,"column":54},"end":{"line":269,"column":66}},{"start":{"line":269,"column":70},"end":{"line":269,"column":81}}],"line":269},"9":{"loc":{"start":{"line":291,"column":2},"end":{"line":291,"column":28}},"type":"if","locations":[{"start":{"line":291,"column":2},"end":{"line":291,"column":28}},{"start":{},"end":{}}],"line":291},"10":{"loc":{"start":{"line":365,"column":13},"end":{"line":370,"column":13}},"type":"binary-expr","locations":[{"start":{"line":365,"column":13},"end":{"line":365,"column":27}},{"start":{"line":366,"column":14},"end":{"line":369,"column":16}}],"line":365}},"s":{"0":0,"1":0,"2":0,"3":0,"4":0,"5":0,"6":0,"7":0,"8":0,"9":0,"10":0,"11":0,"12":0,"13":0,"14":0,"15":0,"16":0,"17":0,"18":0,"19":0,"20":0,"21":0,"22":0,"23":0,"24":0,"25":0,"26":0,"27":0,"28":0,"29":0,"30":0,"31":0,"32":0,"33":0,"34":0,"35":0,"36":0,"37":0,"38":0,"39":0,"40":0,"41":0,"42":0,"43":0,"44":0,"45":0,"46":0,"47":0,"48":0,"49":0,"50":0,"51":0,"52":0,"53":0,"54":0,"55":0,"56":0,"57":0,"58":0,"59":0,"60":0,"61":0,"62":0,"63":0,"64":0,"65":0,"66":0,"67":0,"68":0,"69":0,"70":0,"71":0,"72":0,"73":0,"74":0,"75":0,"76":0,"77":0,"78":0,"79":0,"80":0,"81":0,"82":0,"83":0,"84":0,"85":0},"f":{"0":0,"1":0,"2":0,"3":0,"4":0,"5":0,"6":0,"7":0,"8":0,"9":0,"10":0,"11":0,"12":0,"13":0,"14":0,"15":0,"16":0,"17":0,"18":0,"19":0,"20":0,"21":0,"22":0,"23":0,"24":0,"25":0,"26":0,"27":0,"28":0,"29":0},"b":{"0":[0,0],"1":[0,0],"2":[0,0],"3":[0,0],"4":[0,0],"5":[0,0],"6":[0,0],"7":[0,0],"8":[0,0],"9":[0,0],"10":[0,0]}}
,"C:\\Users\\Natha\\OneDrive\\Documents\\_Projects\\winzo\\_Build\\winzo-platform\\winzo-frontend\\src\\index.tsx": {"path":"C:\\Users\\Natha\\OneDrive\\Documents\\_Projects\\winzo\\_Build\\winzo-platform\\winzo-frontend\\src\\index.tsx","statementMap":{"0":{"start":{"line":6,"column":13},"end":{"line":8,"column":1}},"1":{"start":{"line":9,"column":0},"end":{"line":13,"column":2}}},"fnMap":{},"branchMap":{},"s":{"0":0,"1":0},"f":{},"b":{}}
,"C:\\Users\\Natha\\OneDrive\\Documents\\_Projects\\winzo\\_Build\\winzo-platform\\winzo-frontend\\src\\components\\ErrorBoundary.tsx": {"path":"C:\\Users\\Natha\\OneDrive\\Documents\\_Projects\\winzo\\_Build\\winzo-platform\\winzo-frontend\\src\\components\\ErrorBoundary.tsx","statementMap":{"0":{"start":{"line":19,"column":42},"end":{"line":19,"column":46}},"1":{"start":{"line":22,"column":4},"end":{"line":22,"column":17}},"2":{"start":{"line":24,"column":4},"end":{"line":29,"column":6}},"3":{"start":{"line":34,"column":4},"end":{"line":37,"column":6}},"4":{"start":{"line":42,"column":4},"end":{"line":42,"column":70}},"5":{"start":{"line":45,"column":20},"end":{"line":45,"column":42}},"6":{"start":{"line":47,"column":4},"end":{"line":50,"column":7}},"7":{"start":{"line":53,"column":4},"end":{"line":55,"column":5}},"8":{"start":{"line":54,"column":6},"end":{"line":54,"column":43}},"9":{"start":{"line":58,"column":4},"end":{"line":58,"column":54}},"10":{"start":{"line":62,"column":46},"end":{"line":62,"column":56}},"11":{"start":{"line":63,"column":25},"end":{"line":63,"column":35}},"12":{"start":{"line":66,"column":4},"end":{"line":74,"column":5}},"13":{"start":{"line":67,"column":33},"end":{"line":69,"column":7}},"14":{"start":{"line":68,"column":8},"end":{"line":68,"column":42}},"15":{"start":{"line":71,"column":6},"end":{"line":73,"column":7}},"16":{"start":{"line":72,"column":8},"end":{"line":72,"column":34}},"17":{"start":{"line":78,"column":4},"end":{"line":80,"column":5}},"18":{"start":{"line":79,"column":6},"end":{"line":79,"column":40}},"19":{"start":{"line":84,"column":4},"end":{"line":84,"column":70}},"20":{"start":{"line":89,"column":22},"end":{"line":97,"column":5}},"21":{"start":{"line":100,"column":4},"end":{"line":100,"column":44}},"22":{"start":{"line":110,"column":31},"end":{"line":117,"column":3}},"23":{"start":{"line":111,"column":4},"end":{"line":116,"column":7}},"24":{"start":{"line":119,"column":24},"end":{"line":121,"column":3}},"25":{"start":{"line":120,"column":4},"end":{"line":120,"column":30}},"26":{"start":{"line":123,"column":26},"end":{"line":125,"column":3}},"27":{"start":{"line":124,"column":4},"end":{"line":124,"column":29}},"28":{"start":{"line":127,"column":30},"end":{"line":154,"column":3}},"29":{"start":{"line":128,"column":42},"end":{"line":128,"column":52}},"30":{"start":{"line":130,"column":4},"end":{"line":130,"column":37}},"31":{"start":{"line":130,"column":30},"end":{"line":130,"column":37}},"32":{"start":{"line":133,"column":19},"end":{"line":140,"column":5}},"33":{"start":{"line":143,"column":20},"end":{"line":143,"column":73}},"34":{"start":{"line":144,"column":17},"end":{"line":151,"column":2}},"35":{"start":{"line":153,"column":4},"end":{"line":153,"column":86}},"36":{"start":{"line":157,"column":52},"end":{"line":157,"column":62}},"37":{"start":{"line":158,"column":35},"end":{"line":158,"column":45}},"38":{"start":{"line":160,"column":4},"end":{"line":235,"column":5}},"39":{"start":{"line":162,"column":6},"end":{"line":164,"column":7}},"40":{"start":{"line":163,"column":8},"end":{"line":163,"column":24}},"41":{"start":{"line":167,"column":6},"end":{"line":234,"column":8}},"42":{"start":{"line":237,"column":4},"end":{"line":237,"column":20}},"43":{"start":{"line":246,"column":27},"end":{"line":250,"column":3}},"44":{"start":{"line":247,"column":4},"end":{"line":249,"column":20}},"45":{"start":{"line":252,"column":2},"end":{"line":252,"column":97}},"46":{"start":{"line":254,"column":2},"end":{"line":254,"column":26}},"47":{"start":{"line":259,"column":28},"end":{"line":259,"column":62}},"48":{"start":{"line":261,"column":21},"end":{"line":263,"column":8}},"49":{"start":{"line":262,"column":4},"end":{"line":262,"column":19}},"50":{"start":{"line":265,"column":22},"end":{"line":267,"column":8}},"51":{"start":{"line":266,"column":4},"end":{"line":266,"column":20}},"52":{"start":{"line":269,"column":2},"end":{"line":273,"column":14}},"53":{"start":{"line":270,"column":4},"end":{"line":272,"column":5}},"54":{"start":{"line":271,"column":6},"end":{"line":271,"column":18}},"55":{"start":{"line":275,"column":2},"end":{"line":275,"column":37}},"56":{"start":{"line":281,"column":2},"end":{"line":297,"column":5}},"57":{"start":{"line":282,"column":4},"end":{"line":282,"column":64}},"58":{"start":{"line":285,"column":4},"end":{"line":285,"column":27}},"59":{"start":{"line":288,"column":22},"end":{"line":294,"column":5}},"60":{"start":{"line":296,"column":4},"end":{"line":296,"column":58}},"61":{"start":{"line":300,"column":2},"end":{"line":315,"column":5}},"62":{"start":{"line":301,"column":4},"end":{"line":301,"column":48}},"63":{"start":{"line":303,"column":22},"end":{"line":312,"column":5}},"64":{"start":{"line":314,"column":4},"end":{"line":314,"column":51}},"65":{"start":{"line":319,"column":0},"end":{"line":321,"column":1}},"66":{"start":{"line":320,"column":2},"end":{"line":320,"column":29}}},"fnMap":{"0":{"name":"(anonymous_0)","decl":{"start":{"line":21,"column":2},"end":{"line":21,"column":3}},"loc":{"start":{"line":21,"column":28},"end":{"line":30,"column":3}},"line":21},"1":{"name":"(anonymous_1)","decl":{"start":{"line":32,"column":2},"end":{"line":32,"column":3}},"loc":{"start":{"line":32,"column":64},"end":{"line":38,"column":3}},"line":32},"2":{"name":"(anonymous_2)","decl":{"start":{"line":40,"column":2},"end":{"line":40,"column":3}},"loc":{"start":{"line":40,"column":56},"end":{"line":59,"column":3}},"line":40},"3":{"name":"(anonymous_3)","decl":{"start":{"line":61,"column":2},"end":{"line":61,"column":3}},"loc":{"start":{"line":61,"column":39},"end":{"line":75,"column":3}},"line":61},"4":{"name":"(anonymous_4)","decl":{"start":{"line":67,"column":49},"end":{"line":67,"column":50}},"loc":{"start":{"line":68,"column":8},"end":{"line":68,"column":42}},"line":68},"5":{"name":"(anonymous_5)","decl":{"start":{"line":77,"column":2},"end":{"line":77,"column":3}},"loc":{"start":{"line":77,"column":25},"end":{"line":81,"column":3}},"line":77},"6":{"name":"(anonymous_6)","decl":{"start":{"line":83,"column":2},"end":{"line":83,"column":3}},"loc":{"start":{"line":83,"column":36},"end":{"line":85,"column":3}},"line":83},"7":{"name":"(anonymous_7)","decl":{"start":{"line":87,"column":2},"end":{"line":87,"column":3}},"loc":{"start":{"line":87,"column":81},"end":{"line":108,"column":3}},"line":87},"8":{"name":"(anonymous_8)","decl":{"start":{"line":110,"column":31},"end":{"line":110,"column":32}},"loc":{"start":{"line":110,"column":37},"end":{"line":117,"column":3}},"line":110},"9":{"name":"(anonymous_9)","decl":{"start":{"line":119,"column":24},"end":{"line":119,"column":25}},"loc":{"start":{"line":119,"column":30},"end":{"line":121,"column":3}},"line":119},"10":{"name":"(anonymous_10)","decl":{"start":{"line":123,"column":26},"end":{"line":123,"column":27}},"loc":{"start":{"line":123,"column":32},"end":{"line":125,"column":3}},"line":123},"11":{"name":"(anonymous_11)","decl":{"start":{"line":127,"column":30},"end":{"line":127,"column":31}},"loc":{"start":{"line":127,"column":36},"end":{"line":154,"column":3}},"line":127},"12":{"name":"(anonymous_12)","decl":{"start":{"line":156,"column":2},"end":{"line":156,"column":3}},"loc":{"start":{"line":156,"column":11},"end":{"line":238,"column":3}},"line":156},"13":{"name":"withErrorBoundary","decl":{"start":{"line":242,"column":16},"end":{"line":242,"column":33}},"loc":{"start":{"line":245,"column":2},"end":{"line":255,"column":1}},"line":245},"14":{"name":"(anonymous_14)","decl":{"start":{"line":246,"column":27},"end":{"line":246,"column":28}},"loc":{"start":{"line":247,"column":4},"end":{"line":249,"column":20}},"line":247},"15":{"name":"useErrorHandler","decl":{"start":{"line":258,"column":16},"end":{"line":258,"column":31}},"loc":{"start":{"line":258,"column":34},"end":{"line":276,"column":1}},"line":258},"16":{"name":"(anonymous_16)","decl":{"start":{"line":261,"column":39},"end":{"line":261,"column":40}},"loc":{"start":{"line":261,"column":45},"end":{"line":263,"column":3}},"line":261},"17":{"name":"(anonymous_17)","decl":{"start":{"line":265,"column":40},"end":{"line":265,"column":41}},"loc":{"start":{"line":265,"column":58},"end":{"line":267,"column":3}},"line":265},"18":{"name":"(anonymous_18)","decl":{"start":{"line":269,"column":18},"end":{"line":269,"column":19}},"loc":{"start":{"line":269,"column":24},"end":{"line":273,"column":3}},"line":269},"19":{"name":"setupGlobalErrorHandlers","decl":{"start":{"line":279,"column":16},"end":{"line":279,"column":40}},"loc":{"start":{"line":279,"column":43},"end":{"line":316,"column":1}},"line":279},"20":{"name":"(anonymous_20)","decl":{"start":{"line":281,"column":48},"end":{"line":281,"column":49}},"loc":{"start":{"line":281,"column":59},"end":{"line":297,"column":3}},"line":281},"21":{"name":"(anonymous_21)","decl":{"start":{"line":300,"column":35},"end":{"line":300,"column":36}},"loc":{"start":{"line":300,"column":46},"end":{"line":315,"column":3}},"line":300}},"branchMap":{"0":{"loc":{"start":{"line":53,"column":4},"end":{"line":55,"column":5}},"type":"if","locations":[{"start":{"line":53,"column":4},"end":{"line":55,"column":5}},{"start":{},"end":{}}],"line":53},"1":{"loc":{"start":{"line":66,"column":4},"end":{"line":74,"column":5}},"type":"if","locations":[{"start":{"line":66,"column":4},"end":{"line":74,"column":5}},{"start":{},"end":{}}],"line":66},"2":{"loc":{"start":{"line":66,"column":8},"end":{"line":66,"column":38}},"type":"binary-expr","locations":[{"start":{"line":66,"column":8},"end":{"line":66,"column":16}},{"start":{"line":66,"column":20},"end":{"line":66,"column":38}}],"line":66},"3":{"loc":{"start":{"line":71,"column":6},"end":{"line":73,"column":7}},"type":"if","locations":[{"start":{"line":71,"column":6},"end":{"line":73,"column":7}},{"start":{},"end":{}}],"line":71},"4":{"loc":{"start":{"line":78,"column":4},"end":{"line":80,"column":5}},"type":"if","locations":[{"start":{"line":78,"column":4},"end":{"line":80,"column":5}},{"start":{},"end":{}}],"line":78},"5":{"loc":{"start":{"line":130,"column":4},"end":{"line":130,"column":37}},"type":"if","locations":[{"start":{"line":130,"column":4},"end":{"line":130,"column":37}},{"start":{},"end":{}}],"line":130},"6":{"loc":{"start":{"line":130,"column":8},"end":{"line":130,"column":28}},"type":"binary-expr","locations":[{"start":{"line":130,"column":8},"end":{"line":130,"column":14}},{"start":{"line":130,"column":18},"end":{"line":130,"column":28}}],"line":130},"7":{"loc":{"start":{"line":160,"column":4},"end":{"line":235,"column":5}},"type":"if","locations":[{"start":{"line":160,"column":4},"end":{"line":235,"column":5}},{"start":{},"end":{}}],"line":160},"8":{"loc":{"start":{"line":162,"column":6},"end":{"line":164,"column":7}},"type":"if","locations":[{"start":{"line":162,"column":6},"end":{"line":164,"column":7}},{"start":{},"end":{}}],"line":162},"9":{"loc":{"start":{"line":187,"column":13},"end":{"line":191,"column":13}},"type":"binary-expr","locations":[{"start":{"line":187,"column":13},"end":{"line":187,"column":20}},{"start":{"line":188,"column":14},"end":{"line":190,"column":18}}],"line":187},"10":{"loc":{"start":{"line":217,"column":13},"end":{"line":231,"column":13}},"type":"binary-expr","locations":[{"start":{"line":217,"column":13},"end":{"line":217,"column":51}},{"start":{"line":217,"column":55},"end":{"line":217,"column":60}},{"start":{"line":217,"column":64},"end":{"line":217,"column":73}},{"start":{"line":218,"column":14},"end":{"line":230,"column":24}}],"line":217},"11":{"loc":{"start":{"line":252,"column":54},"end":{"line":252,"column":93}},"type":"binary-expr","locations":[{"start":{"line":252,"column":54},"end":{"line":252,"column":75}},{"start":{"line":252,"column":79},"end":{"line":252,"column":93}}],"line":252},"12":{"loc":{"start":{"line":270,"column":4},"end":{"line":272,"column":5}},"type":"if","locations":[{"start":{"line":270,"column":4},"end":{"line":272,"column":5}},{"start":{},"end":{}}],"line":270},"13":{"loc":{"start":{"line":290,"column":15},"end":{"line":290,"column":69}},"type":"binary-expr","locations":[{"start":{"line":290,"column":15},"end":{"line":290,"column":36}},{"start":{"line":290,"column":40},"end":{"line":290,"column":69}}],"line":290},"14":{"loc":{"start":{"line":319,"column":0},"end":{"line":321,"column":1}},"type":"if","locations":[{"start":{"line":319,"column":0},"end":{"line":321,"column":1}},{"start":{},"end":{}}],"line":319}},"s":{"0":0,"1":0,"2":0,"3":0,"4":0,"5":0,"6":0,"7":0,"8":0,"9":0,"10":0,"11":0,"12":0,"13":0,"14":0,"15":0,"16":0,"17":0,"18":0,"19":0,"20":0,"21":0,"22":0,"23":0,"24":0,"25":0,"26":0,"27":0,"28":0,"29":0,"30":0,"31":0,"32":0,"33":0,"34":0,"35":0,"36":0,"37":0,"38":0,"39":0,"40":0,"41":0,"42":0,"43":0,"44":0,"45":0,"46":0,"47":0,"48":0,"49":0,"50":0,"51":0,"52":0,"53":0,"54":0,"55":0,"56":0,"57":0,"58":0,"59":0,"60":0,"61":0,"62":0,"63":0,"64":0,"65":0,"66":0},"f":{"0":0,"1":0,"2":0,"3":0,"4":0,"5":0,"6":0,"7":0,"8":0,"9":0,"10":0,"11":0,"12":0,"13":0,"14":0,"15":0,"16":0,"17":0,"18":0,"19":0,"20":0,"21":0},"b":{"0":[0,0],"1":[0,0],"2":[0,0],"3":[0,0],"4":[0,0],"5":[0,0],"6":[0,0],"7":[0,0],"8":[0,0],"9":[0,0],"10":[0,0,0,0],"11":[0,0],"12":[0,0],"13":[0,0],"14":[0,0]}}
,"C:\\Users\\Natha\\OneDrive\\Documents\\_Projects\\winzo\\_Build\\winzo-platform\\winzo-frontend\\src\\components\\PWAInstall.tsx": {"path":"C:\\Users\\Natha\\OneDrive\\Documents\\_Projects\\winzo\\_Build\\winzo-platform\\winzo-frontend\\src\\components\\PWAInstall.tsx","statementMap":{"0":{"start":{"line":14,"column":46},"end":{"line":200,"column":1}},"1":{"start":{"line":19,"column":46},"end":{"line":19,"column":93}},"2":{"start":{"line":20,"column":52},"end":{"line":20,"column":67}},"3":{"start":{"line":21,"column":40},"end":{"line":21,"column":55}},"4":{"start":{"line":23,"column":2},"end":{"line":60,"column":18}},"5":{"start":{"line":25,"column":31},"end":{"line":25,"column":86}},"6":{"start":{"line":26,"column":28},"end":{"line":26,"column":73}},"7":{"start":{"line":28,"column":4},"end":{"line":31,"column":5}},"8":{"start":{"line":29,"column":6},"end":{"line":29,"column":27}},"9":{"start":{"line":30,"column":6},"end":{"line":30,"column":13}},"10":{"start":{"line":34,"column":38},"end":{"line":43,"column":5}},"11":{"start":{"line":35,"column":27},"end":{"line":35,"column":56}},"12":{"start":{"line":38,"column":6},"end":{"line":38,"column":25}},"13":{"start":{"line":41,"column":6},"end":{"line":41,"column":38}},"14":{"start":{"line":42,"column":6},"end":{"line":42,"column":33}},"15":{"start":{"line":46,"column":31},"end":{"line":51,"column":5}},"16":{"start":{"line":47,"column":6},"end":{"line":47,"column":27}},"17":{"start":{"line":48,"column":6},"end":{"line":48,"column":34}},"18":{"start":{"line":49,"column":6},"end":{"line":49,"column":30}},"19":{"start":{"line":50,"column":6},"end":{"line":50,"column":20}},"20":{"start":{"line":53,"column":4},"end":{"line":53,"column":78}},"21":{"start":{"line":54,"column":4},"end":{"line":54,"column":64}},"22":{"start":{"line":56,"column":4},"end":{"line":59,"column":6}},"23":{"start":{"line":57,"column":6},"end":{"line":57,"column":83}},"24":{"start":{"line":58,"column":6},"end":{"line":58,"column":69}},"25":{"start":{"line":62,"column":29},"end":{"line":86,"column":3}},"26":{"start":{"line":63,"column":4},"end":{"line":63,"column":32}},"27":{"start":{"line":63,"column":25},"end":{"line":63,"column":32}},"28":{"start":{"line":65,"column":4},"end":{"line":81,"column":5}},"29":{"start":{"line":67,"column":6},"end":{"line":67,"column":36}},"30":{"start":{"line":70,"column":26},"end":{"line":70,"column":57}},"31":{"start":{"line":72,"column":6},"end":{"line":78,"column":7}},"32":{"start":{"line":73,"column":8},"end":{"line":73,"column":56}},"33":{"start":{"line":74,"column":8},"end":{"line":74,"column":22}},"34":{"start":{"line":76,"column":8},"end":{"line":76,"column":57}},"35":{"start":{"line":77,"column":8},"end":{"line":77,"column":22}},"36":{"start":{"line":80,"column":6},"end":{"line":80,"column":60}},"37":{"start":{"line":84,"column":4},"end":{"line":84,"column":28}},"38":{"start":{"line":85,"column":4},"end":{"line":85,"column":32}},"39":{"start":{"line":88,"column":24},"end":{"line":92,"column":3}},"40":{"start":{"line":89,"column":4},"end":{"line":89,"column":32}},"41":{"start":{"line":90,"column":4},"end":{"line":90,"column":28}},"42":{"start":{"line":91,"column":4},"end":{"line":91,"column":18}},"43":{"start":{"line":94,"column":16},"end":{"line":94,"column":60}},"44":{"start":{"line":95,"column":19},"end":{"line":95,"column":77}},"45":{"start":{"line":98,"column":2},"end":{"line":100,"column":3}},"46":{"start":{"line":99,"column":4},"end":{"line":99,"column":16}},"47":{"start":{"line":103,"column":2},"end":{"line":149,"column":3}},"48":{"start":{"line":104,"column":4},"end":{"line":148,"column":6}},"49":{"start":{"line":152,"column":2},"end":{"line":197,"column":3}},"50":{"start":{"line":153,"column":4},"end":{"line":196,"column":6}},"51":{"start":{"line":199,"column":2},"end":{"line":199,"column":14}}},"fnMap":{"0":{"name":"(anonymous_0)","decl":{"start":{"line":14,"column":46},"end":{"line":14,"column":47}},"loc":{"start":{"line":18,"column":6},"end":{"line":200,"column":1}},"line":18},"1":{"name":"(anonymous_1)","decl":{"start":{"line":23,"column":12},"end":{"line":23,"column":13}},"loc":{"start":{"line":23,"column":18},"end":{"line":60,"column":3}},"line":23},"2":{"name":"(anonymous_2)","decl":{"start":{"line":34,"column":38},"end":{"line":34,"column":39}},"loc":{"start":{"line":34,"column":52},"end":{"line":43,"column":5}},"line":34},"3":{"name":"(anonymous_3)","decl":{"start":{"line":46,"column":31},"end":{"line":46,"column":32}},"loc":{"start":{"line":46,"column":37},"end":{"line":51,"column":5}},"line":46},"4":{"name":"(anonymous_4)","decl":{"start":{"line":56,"column":11},"end":{"line":56,"column":12}},"loc":{"start":{"line":56,"column":17},"end":{"line":59,"column":5}},"line":56},"5":{"name":"(anonymous_5)","decl":{"start":{"line":62,"column":29},"end":{"line":62,"column":30}},"loc":{"start":{"line":62,"column":41},"end":{"line":86,"column":3}},"line":62},"6":{"name":"(anonymous_6)","decl":{"start":{"line":88,"column":24},"end":{"line":88,"column":25}},"loc":{"start":{"line":88,"column":30},"end":{"line":92,"column":3}},"line":88}},"branchMap":{"0":{"loc":{"start":{"line":17,"column":2},"end":{"line":17,"column":16}},"type":"default-arg","locations":[{"start":{"line":17,"column":14},"end":{"line":17,"column":16}}],"line":17},"1":{"loc":{"start":{"line":28,"column":4},"end":{"line":31,"column":5}},"type":"if","locations":[{"start":{"line":28,"column":4},"end":{"line":31,"column":5}},{"start":{},"end":{}}],"line":28},"2":{"loc":{"start":{"line":28,"column":8},"end":{"line":28,"column":45}},"type":"binary-expr","locations":[{"start":{"line":28,"column":8},"end":{"line":28,"column":26}},{"start":{"line":28,"column":30},"end":{"line":28,"column":45}}],"line":28},"3":{"loc":{"start":{"line":63,"column":4},"end":{"line":63,"column":32}},"type":"if","locations":[{"start":{"line":63,"column":4},"end":{"line":63,"column":32}},{"start":{},"end":{}}],"line":63},"4":{"loc":{"start":{"line":72,"column":6},"end":{"line":78,"column":7}},"type":"if","locations":[{"start":{"line":72,"column":6},"end":{"line":78,"column":7}},{"start":{"line":75,"column":13},"end":{"line":78,"column":7}}],"line":72},"5":{"loc":{"start":{"line":98,"column":2},"end":{"line":100,"column":3}},"type":"if","locations":[{"start":{"line":98,"column":2},"end":{"line":100,"column":3}},{"start":{},"end":{}}],"line":98},"6":{"loc":{"start":{"line":103,"column":2},"end":{"line":149,"column":3}},"type":"if","locations":[{"start":{"line":103,"column":2},"end":{"line":149,"column":3}},{"start":{},"end":{}}],"line":103},"7":{"loc":{"start":{"line":103,"column":6},"end":{"line":103,"column":45}},"type":"binary-expr","locations":[{"start":{"line":103,"column":6},"end":{"line":103,"column":11}},{"start":{"line":103,"column":15},"end":{"line":103,"column":23}},{"start":{"line":103,"column":27},"end":{"line":103,"column":45}}],"line":103},"8":{"loc":{"start":{"line":152,"column":2},"end":{"line":197,"column":3}},"type":"if","locations":[{"start":{"line":152,"column":2},"end":{"line":197,"column":3}},{"start":{},"end":{}}],"line":152},"9":{"loc":{"start":{"line":152,"column":6},"end":{"line":152,"column":41}},"type":"binary-expr","locations":[{"start":{"line":152,"column":6},"end":{"line":152,"column":23}},{"start":{"line":152,"column":27},"end":{"line":152,"column":41}}],"line":152}},"s":{"0":0,"1":0,"2":0,"3":0,"4":0,"5":0,"6":0,"7":0,"8":0,"9":0,"10":0,"11":0,"12":0,"13":0,"14":0,"15":0,"16":0,"17":0,"18":0,"19":0,"20":0,"21":0,"22":0,"23":0,"24":0,"25":0,"26":0,"27":0,"28":0,"29":0,"30":0,"31":0,"32":0,"33":0,"34":0,"35":0,"36":0,"37":0,"38":0,"39":0,"40":0,"41":0,"42":0,"43":0,"44":0,"45":0,"46":0,"47":0,"48":0,"49":0,"50":0,"51":0},"f":{"0":0,"1":0,"2":0,"3":0,"4":0,"5":0,"6":0},"b":{"0":[0],"1":[0,0],"2":[0,0],"3":[0,0],"4":[0,0],"5":[0,0],"6":[0,0],"7":[0,0,0],"8":[0,0],"9":[0,0]}}
,"C:\\Users\\Natha\\OneDrive\\Documents\\_Projects\\winzo\\_Build\\winzo-platform\\winzo-frontend\\src\\components\\index.ts": {"path":"C:\\Users\\Natha\\OneDrive\\Documents\\_Projects\\winzo\\_Build\\winzo-platform\\winzo-frontend\\src\\components\\index.ts","statementMap":{},"fnMap":{},"branchMap":{},"s":{},"f":{},"b":{}}
,"C:\\Users\\Natha\\OneDrive\\Documents\\_Projects\\winzo\\_Build\\winzo-platform\\winzo-frontend\\src\\components\\account\\BettingPreferences.tsx": {"path":"C:\\Users\\Natha\\OneDrive\\Documents\\_Projects\\winzo\\_Build\\winzo-platform\\winzo-frontend\\src\\components\\account\\BettingPreferences.tsx","statementMap":{"0":{"start":{"line":18,"column":37},"end":{"line":465,"column":1}},"1":{"start":{"line":19,"column":36},"end":{"line":19,"column":51}},"2":{"start":{"line":20,"column":40},"end":{"line":33,"column":4}},"3":{"start":{"line":35,"column":46},"end":{"line":35,"column":58}},"4":{"start":{"line":36,"column":34},"end":{"line":36,"column":46}},"5":{"start":{"line":37,"column":32},"end":{"line":37,"column":44}},"6":{"start":{"line":39,"column":26},"end":{"line":42,"column":3}},"7":{"start":{"line":44,"column":28},"end":{"line":52,"column":3}},"8":{"start":{"line":45,"column":34},"end":{"line":45,"column":42}},"9":{"start":{"line":46,"column":20},"end":{"line":46,"column":58}},"10":{"start":{"line":48,"column":4},"end":{"line":51,"column":8}},"11":{"start":{"line":48,"column":28},"end":{"line":51,"column":5}},"12":{"start":{"line":54,"column":25},"end":{"line":62,"column":3}},"13":{"start":{"line":55,"column":4},"end":{"line":61,"column":5}},"14":{"start":{"line":56,"column":6},"end":{"line":59,"column":10}},"15":{"start":{"line":56,"column":30},"end":{"line":59,"column":7}},"16":{"start":{"line":58,"column":86},"end":{"line":58,"column":115}},"17":{"start":{"line":60,"column":6},"end":{"line":60,"column":28}},"18":{"start":{"line":64,"column":28},"end":{"line":69,"column":3}},"19":{"start":{"line":65,"column":4},"end":{"line":68,"column":8}},"20":{"start":{"line":65,"column":28},"end":{"line":68,"column":5}},"21":{"start":{"line":67,"column":64},"end":{"line":67,"column":80}},"22":{"start":{"line":71,"column":27},"end":{"line":79,"column":3}},"23":{"start":{"line":72,"column":4},"end":{"line":78,"column":5}},"24":{"start":{"line":73,"column":6},"end":{"line":76,"column":10}},"25":{"start":{"line":73,"column":30},"end":{"line":76,"column":7}},"26":{"start":{"line":77,"column":6},"end":{"line":77,"column":22}},"27":{"start":{"line":81,"column":30},"end":{"line":86,"column":3}},"28":{"start":{"line":82,"column":4},"end":{"line":85,"column":8}},"29":{"start":{"line":82,"column":28},"end":{"line":85,"column":5}},"30":{"start":{"line":84,"column":56},"end":{"line":84,"column":67}},"31":{"start":{"line":88,"column":26},"end":{"line":96,"column":3}},"32":{"start":{"line":89,"column":4},"end":{"line":95,"column":5}},"33":{"start":{"line":90,"column":6},"end":{"line":93,"column":10}},"34":{"start":{"line":90,"column":30},"end":{"line":93,"column":7}},"35":{"start":{"line":94,"column":6},"end":{"line":94,"column":21}},"36":{"start":{"line":98,"column":29},"end":{"line":103,"column":3}},"37":{"start":{"line":99,"column":4},"end":{"line":102,"column":8}},"38":{"start":{"line":99,"column":28},"end":{"line":102,"column":5}},"39":{"start":{"line":101,"column":54},"end":{"line":101,"column":64}},"40":{"start":{"line":105,"column":21},"end":{"line":116,"column":3}},"41":{"start":{"line":106,"column":4},"end":{"line":106,"column":23}},"42":{"start":{"line":107,"column":4},"end":{"line":115,"column":5}},"43":{"start":{"line":109,"column":6},"end":{"line":109,"column":62}},"44":{"start":{"line":109,"column":35},"end":{"line":109,"column":60}},"45":{"start":{"line":112,"column":6},"end":{"line":112,"column":66}},"46":{"start":{"line":114,"column":6},"end":{"line":114,"column":26}},"47":{"start":{"line":118,"column":2},"end":{"line":464,"column":4}},"48":{"start":{"line":163,"column":18},"end":{"line":174,"column":25}},"49":{"start":{"line":169,"column":37},"end":{"line":169,"column":62}},"50":{"start":{"line":181,"column":35},"end":{"line":181,"column":68}},"51":{"start":{"line":365,"column":16},"end":{"line":376,"column":23}},"52":{"start":{"line":371,"column":35},"end":{"line":371,"column":61}},"53":{"start":{"line":382,"column":33},"end":{"line":382,"column":60}},"54":{"start":{"line":387,"column":35},"end":{"line":387,"column":79}},"55":{"start":{"line":389,"column":20},"end":{"line":389,"column":70}},"56":{"start":{"line":412,"column":16},"end":{"line":423,"column":23}},"57":{"start":{"line":418,"column":35},"end":{"line":418,"column":59}},"58":{"start":{"line":430,"column":33},"end":{"line":430,"column":59}}},"fnMap":{"0":{"name":"(anonymous_0)","decl":{"start":{"line":18,"column":37},"end":{"line":18,"column":38}},"loc":{"start":{"line":18,"column":43},"end":{"line":465,"column":1}},"line":18},"1":{"name":"(anonymous_1)","decl":{"start":{"line":44,"column":28},"end":{"line":44,"column":29}},"loc":{"start":{"line":44,"column":92},"end":{"line":52,"column":3}},"line":44},"2":{"name":"(anonymous_2)","decl":{"start":{"line":48,"column":19},"end":{"line":48,"column":20}},"loc":{"start":{"line":48,"column":28},"end":{"line":51,"column":5}},"line":48},"3":{"name":"(anonymous_3)","decl":{"start":{"line":54,"column":25},"end":{"line":54,"column":26}},"loc":{"start":{"line":54,"column":31},"end":{"line":62,"column":3}},"line":54},"4":{"name":"(anonymous_4)","decl":{"start":{"line":56,"column":21},"end":{"line":56,"column":22}},"loc":{"start":{"line":56,"column":30},"end":{"line":59,"column":7}},"line":56},"5":{"name":"(anonymous_5)","decl":{"start":{"line":58,"column":76},"end":{"line":58,"column":77}},"loc":{"start":{"line":58,"column":86},"end":{"line":58,"column":115}},"line":58},"6":{"name":"(anonymous_6)","decl":{"start":{"line":64,"column":28},"end":{"line":64,"column":29}},"loc":{"start":{"line":64,"column":48},"end":{"line":69,"column":3}},"line":64},"7":{"name":"(anonymous_7)","decl":{"start":{"line":65,"column":19},"end":{"line":65,"column":20}},"loc":{"start":{"line":65,"column":28},"end":{"line":68,"column":5}},"line":65},"8":{"name":"(anonymous_8)","decl":{"start":{"line":67,"column":55},"end":{"line":67,"column":56}},"loc":{"start":{"line":67,"column":64},"end":{"line":67,"column":80}},"line":67},"9":{"name":"(anonymous_9)","decl":{"start":{"line":71,"column":27},"end":{"line":71,"column":28}},"loc":{"start":{"line":71,"column":33},"end":{"line":79,"column":3}},"line":71},"10":{"name":"(anonymous_10)","decl":{"start":{"line":73,"column":21},"end":{"line":73,"column":22}},"loc":{"start":{"line":73,"column":30},"end":{"line":76,"column":7}},"line":73},"11":{"name":"(anonymous_11)","decl":{"start":{"line":81,"column":30},"end":{"line":81,"column":31}},"loc":{"start":{"line":81,"column":49},"end":{"line":86,"column":3}},"line":81},"12":{"name":"(anonymous_12)","decl":{"start":{"line":82,"column":19},"end":{"line":82,"column":20}},"loc":{"start":{"line":82,"column":28},"end":{"line":85,"column":5}},"line":82},"13":{"name":"(anonymous_13)","decl":{"start":{"line":84,"column":51},"end":{"line":84,"column":52}},"loc":{"start":{"line":84,"column":56},"end":{"line":84,"column":67}},"line":84},"14":{"name":"(anonymous_14)","decl":{"start":{"line":88,"column":26},"end":{"line":88,"column":27}},"loc":{"start":{"line":88,"column":32},"end":{"line":96,"column":3}},"line":88},"15":{"name":"(anonymous_15)","decl":{"start":{"line":90,"column":21},"end":{"line":90,"column":22}},"loc":{"start":{"line":90,"column":30},"end":{"line":93,"column":7}},"line":90},"16":{"name":"(anonymous_16)","decl":{"start":{"line":98,"column":29},"end":{"line":98,"column":30}},"loc":{"start":{"line":98,"column":47},"end":{"line":103,"column":3}},"line":98},"17":{"name":"(anonymous_17)","decl":{"start":{"line":99,"column":19},"end":{"line":99,"column":20}},"loc":{"start":{"line":99,"column":28},"end":{"line":102,"column":5}},"line":99},"18":{"name":"(anonymous_18)","decl":{"start":{"line":101,"column":49},"end":{"line":101,"column":50}},"loc":{"start":{"line":101,"column":54},"end":{"line":101,"column":64}},"line":101},"19":{"name":"(anonymous_19)","decl":{"start":{"line":105,"column":21},"end":{"line":105,"column":22}},"loc":{"start":{"line":105,"column":33},"end":{"line":116,"column":3}},"line":105},"20":{"name":"(anonymous_20)","decl":{"start":{"line":109,"column":24},"end":{"line":109,"column":25}},"loc":{"start":{"line":109,"column":35},"end":{"line":109,"column":60}},"line":109},"21":{"name":"(anonymous_21)","decl":{"start":{"line":162,"column":51},"end":{"line":162,"column":52}},"loc":{"start":{"line":163,"column":18},"end":{"line":174,"column":25}},"line":163},"22":{"name":"(anonymous_22)","decl":{"start":{"line":169,"column":31},"end":{"line":169,"column":32}},"loc":{"start":{"line":169,"column":37},"end":{"line":169,"column":62}},"line":169},"23":{"name":"(anonymous_23)","decl":{"start":{"line":181,"column":28},"end":{"line":181,"column":29}},"loc":{"start":{"line":181,"column":35},"end":{"line":181,"column":68}},"line":181},"24":{"name":"(anonymous_24)","decl":{"start":{"line":364,"column":47},"end":{"line":364,"column":48}},"loc":{"start":{"line":365,"column":16},"end":{"line":376,"column":23}},"line":365},"25":{"name":"(anonymous_25)","decl":{"start":{"line":371,"column":29},"end":{"line":371,"column":30}},"loc":{"start":{"line":371,"column":35},"end":{"line":371,"column":61}},"line":371},"26":{"name":"(anonymous_26)","decl":{"start":{"line":382,"column":26},"end":{"line":382,"column":27}},"loc":{"start":{"line":382,"column":33},"end":{"line":382,"column":60}},"line":382},"27":{"name":"(anonymous_27)","decl":{"start":{"line":387,"column":26},"end":{"line":387,"column":27}},"loc":{"start":{"line":387,"column":35},"end":{"line":387,"column":79}},"line":387},"28":{"name":"(anonymous_28)","decl":{"start":{"line":388,"column":23},"end":{"line":388,"column":24}},"loc":{"start":{"line":389,"column":20},"end":{"line":389,"column":70}},"line":389},"29":{"name":"(anonymous_29)","decl":{"start":{"line":411,"column":46},"end":{"line":411,"column":47}},"loc":{"start":{"line":412,"column":16},"end":{"line":423,"column":23}},"line":412},"30":{"name":"(anonymous_30)","decl":{"start":{"line":418,"column":29},"end":{"line":418,"column":30}},"loc":{"start":{"line":418,"column":35},"end":{"line":418,"column":59}},"line":418},"31":{"name":"(anonymous_31)","decl":{"start":{"line":430,"column":26},"end":{"line":430,"column":27}},"loc":{"start":{"line":430,"column":33},"end":{"line":430,"column":59}},"line":430}},"branchMap":{"0":{"loc":{"start":{"line":50,"column":14},"end":{"line":50,"column":51}},"type":"cond-expr","locations":[{"start":{"line":50,"column":36},"end":{"line":50,"column":43}},{"start":{"line":50,"column":46},"end":{"line":50,"column":51}}],"line":50},"1":{"loc":{"start":{"line":55,"column":4},"end":{"line":61,"column":5}},"type":"if","locations":[{"start":{"line":55,"column":4},"end":{"line":61,"column":5}},{"start":{},"end":{}}],"line":55},"2":{"loc":{"start":{"line":55,"column":8},"end":{"line":55,"column":81}},"type":"binary-expr","locations":[{"start":{"line":55,"column":8},"end":{"line":55,"column":22}},{"start":{"line":55,"column":26},"end":{"line":55,"column":81}}],"line":55},"3":{"loc":{"start":{"line":72,"column":4},"end":{"line":78,"column":5}},"type":"if","locations":[{"start":{"line":72,"column":4},"end":{"line":78,"column":5}},{"start":{},"end":{}}],"line":72},"4":{"loc":{"start":{"line":72,"column":8},"end":{"line":72,"column":67}},"type":"binary-expr","locations":[{"start":{"line":72,"column":8},"end":{"line":72,"column":16}},{"start":{"line":72,"column":20},"end":{"line":72,"column":67}}],"line":72},"5":{"loc":{"start":{"line":89,"column":4},"end":{"line":95,"column":5}},"type":"if","locations":[{"start":{"line":89,"column":4},"end":{"line":95,"column":5}},{"start":{},"end":{}}],"line":89},"6":{"loc":{"start":{"line":89,"column":8},"end":{"line":89,"column":64}},"type":"binary-expr","locations":[{"start":{"line":89,"column":8},"end":{"line":89,"column":15}},{"start":{"line":89,"column":19},"end":{"line":89,"column":64}}],"line":89},"7":{"loc":{"start":{"line":295,"column":15},"end":{"line":352,"column":15}},"type":"binary-expr","locations":[{"start":{"line":295,"column":15},"end":{"line":295,"column":46}},{"start":{"line":296,"column":16},"end":{"line":351,"column":22}}],"line":295},"8":{"loc":{"start":{"line":452,"column":13},"end":{"line":459,"column":13}},"type":"cond-expr","locations":[{"start":{"line":453,"column":14},"end":{"line":456,"column":17}},{"start":{"line":458,"column":14},"end":{"line":458,"column":35}}],"line":452}},"s":{"0":0,"1":0,"2":0,"3":0,"4":0,"5":0,"6":0,"7":0,"8":0,"9":0,"10":0,"11":0,"12":0,"13":0,"14":0,"15":0,"16":0,"17":0,"18":0,"19":0,"20":0,"21":0,"22":0,"23":0,"24":0,"25":0,"26":0,"27":0,"28":0,"29":0,"30":0,"31":0,"32":0,"33":0,"34":0,"35":0,"36":0,"37":0,"38":0,"39":0,"40":0,"41":0,"42":0,"43":0,"44":0,"45":0,"46":0,"47":0,"48":0,"49":0,"50":0,"51":0,"52":0,"53":0,"54":0,"55":0,"56":0,"57":0,"58":0},"f":{"0":0,"1":0,"2":0,"3":0,"4":0,"5":0,"6":0,"7":0,"8":0,"9":0,"10":0,"11":0,"12":0,"13":0,"14":0,"15":0,"16":0,"17":0,"18":0,"19":0,"20":0,"21":0,"22":0,"23":0,"24":0,"25":0,"26":0,"27":0,"28":0,"29":0,"30":0,"31":0},"b":{"0":[0,0],"1":[0,0],"2":[0,0],"3":[0,0],"4":[0,0],"5":[0,0],"6":[0,0],"7":[0,0],"8":[0,0]}}
,"C:\\Users\\Natha\\OneDrive\\Documents\\_Projects\\winzo\\_Build\\winzo-platform\\winzo-frontend\\src\\components\\account\\PersonalInfo.tsx": {"path":"C:\\Users\\Natha\\OneDrive\\Documents\\_Projects\\winzo\\_Build\\winzo-platform\\winzo-frontend\\src\\components\\account\\PersonalInfo.tsx","statementMap":{"0":{"start":{"line":16,"column":31},"end":{"line":366,"column":1}},"1":{"start":{"line":17,"column":36},"end":{"line":17,"column":51}},"2":{"start":{"line":18,"column":36},"end":{"line":18,"column":51}},"3":{"start":{"line":19,"column":30},"end":{"line":19,"column":69}},"4":{"start":{"line":21,"column":34},"end":{"line":32,"column":4}},"5":{"start":{"line":34,"column":28},"end":{"line":41,"column":3}},"6":{"start":{"line":35,"column":28},"end":{"line":35,"column":36}},"7":{"start":{"line":36,"column":4},"end":{"line":36,"column":54}},"8":{"start":{"line":36,"column":25},"end":{"line":36,"column":51}},"9":{"start":{"line":38,"column":4},"end":{"line":40,"column":5}},"10":{"start":{"line":39,"column":6},"end":{"line":39,"column":58}},"11":{"start":{"line":39,"column":25},"end":{"line":39,"column":55}},"12":{"start":{"line":43,"column":23},"end":{"line":58,"column":3}},"13":{"start":{"line":44,"column":49},"end":{"line":44,"column":51}},"14":{"start":{"line":46,"column":4},"end":{"line":46,"column":83}},"15":{"start":{"line":46,"column":36},"end":{"line":46,"column":83}},"16":{"start":{"line":47,"column":4},"end":{"line":47,"column":80}},"17":{"start":{"line":47,"column":35},"end":{"line":47,"column":80}},"18":{"start":{"line":48,"column":4},"end":{"line":52,"column":5}},"19":{"start":{"line":49,"column":6},"end":{"line":49,"column":44}},"20":{"start":{"line":50,"column":11},"end":{"line":52,"column":5}},"21":{"start":{"line":51,"column":6},"end":{"line":51,"column":61}},"22":{"start":{"line":53,"column":4},"end":{"line":53,"column":77}},"23":{"start":{"line":53,"column":32},"end":{"line":53,"column":77}},"24":{"start":{"line":54,"column":4},"end":{"line":54,"column":83}},"25":{"start":{"line":54,"column":31},"end":{"line":54,"column":83}},"26":{"start":{"line":56,"column":4},"end":{"line":56,"column":25}},"27":{"start":{"line":57,"column":4},"end":{"line":57,"column":47}},"28":{"start":{"line":60,"column":21},"end":{"line":74,"column":3}},"29":{"start":{"line":61,"column":4},"end":{"line":61,"column":32}},"30":{"start":{"line":61,"column":25},"end":{"line":61,"column":32}},"31":{"start":{"line":63,"column":4},"end":{"line":63,"column":23}},"32":{"start":{"line":64,"column":4},"end":{"line":73,"column":5}},"33":{"start":{"line":66,"column":6},"end":{"line":66,"column":62}},"34":{"start":{"line":66,"column":35},"end":{"line":66,"column":60}},"35":{"start":{"line":67,"column":6},"end":{"line":67,"column":26}},"36":{"start":{"line":70,"column":6},"end":{"line":70,"column":60}},"37":{"start":{"line":72,"column":6},"end":{"line":72,"column":26}},"38":{"start":{"line":76,"column":23},"end":{"line":80,"column":3}},"39":{"start":{"line":77,"column":4},"end":{"line":77,"column":24}},"40":{"start":{"line":78,"column":4},"end":{"line":78,"column":18}},"41":{"start":{"line":82,"column":29},"end":{"line":88,"column":3}},"42":{"start":{"line":83,"column":17},"end":{"line":83,"column":36}},"43":{"start":{"line":84,"column":4},"end":{"line":87,"column":5}},"44":{"start":{"line":86,"column":6},"end":{"line":86,"column":50}},"45":{"start":{"line":90,"column":2},"end":{"line":365,"column":4}},"46":{"start":{"line":101,"column":27},"end":{"line":101,"column":45}}},"fnMap":{"0":{"name":"(anonymous_0)","decl":{"start":{"line":16,"column":31},"end":{"line":16,"column":32}},"loc":{"start":{"line":16,"column":37},"end":{"line":366,"column":1}},"line":16},"1":{"name":"(anonymous_1)","decl":{"start":{"line":34,"column":28},"end":{"line":34,"column":29}},"loc":{"start":{"line":34,"column":92},"end":{"line":41,"column":3}},"line":34},"2":{"name":"(anonymous_2)","decl":{"start":{"line":36,"column":16},"end":{"line":36,"column":17}},"loc":{"start":{"line":36,"column":25},"end":{"line":36,"column":51}},"line":36},"3":{"name":"(anonymous_3)","decl":{"start":{"line":39,"column":16},"end":{"line":39,"column":17}},"loc":{"start":{"line":39,"column":25},"end":{"line":39,"column":55}},"line":39},"4":{"name":"(anonymous_4)","decl":{"start":{"line":43,"column":23},"end":{"line":43,"column":24}},"loc":{"start":{"line":43,"column":38},"end":{"line":58,"column":3}},"line":43},"5":{"name":"(anonymous_5)","decl":{"start":{"line":60,"column":21},"end":{"line":60,"column":22}},"loc":{"start":{"line":60,"column":33},"end":{"line":74,"column":3}},"line":60},"6":{"name":"(anonymous_6)","decl":{"start":{"line":66,"column":24},"end":{"line":66,"column":25}},"loc":{"start":{"line":66,"column":35},"end":{"line":66,"column":60}},"line":66},"7":{"name":"(anonymous_7)","decl":{"start":{"line":76,"column":23},"end":{"line":76,"column":24}},"loc":{"start":{"line":76,"column":29},"end":{"line":80,"column":3}},"line":76},"8":{"name":"(anonymous_8)","decl":{"start":{"line":82,"column":29},"end":{"line":82,"column":30}},"loc":{"start":{"line":82,"column":73},"end":{"line":88,"column":3}},"line":82},"9":{"name":"(anonymous_9)","decl":{"start":{"line":101,"column":21},"end":{"line":101,"column":22}},"loc":{"start":{"line":101,"column":27},"end":{"line":101,"column":45}},"line":101}},"branchMap":{"0":{"loc":{"start":{"line":38,"column":4},"end":{"line":40,"column":5}},"type":"if","locations":[{"start":{"line":38,"column":4},"end":{"line":40,"column":5}},{"start":{},"end":{}}],"line":38},"1":{"loc":{"start":{"line":46,"column":4},"end":{"line":46,"column":83}},"type":"if","locations":[{"start":{"line":46,"column":4},"end":{"line":46,"column":83}},{"start":{},"end":{}}],"line":46},"2":{"loc":{"start":{"line":47,"column":4},"end":{"line":47,"column":80}},"type":"if","locations":[{"start":{"line":47,"column":4},"end":{"line":47,"column":80}},{"start":{},"end":{}}],"line":47},"3":{"loc":{"start":{"line":48,"column":4},"end":{"line":52,"column":5}},"type":"if","locations":[{"start":{"line":48,"column":4},"end":{"line":52,"column":5}},{"start":{"line":50,"column":11},"end":{"line":52,"column":5}}],"line":48},"4":{"loc":{"start":{"line":50,"column":11},"end":{"line":52,"column":5}},"type":"if","locations":[{"start":{"line":50,"column":11},"end":{"line":52,"column":5}},{"start":{},"end":{}}],"line":50},"5":{"loc":{"start":{"line":53,"column":4},"end":{"line":53,"column":77}},"type":"if","locations":[{"start":{"line":53,"column":4},"end":{"line":53,"column":77}},{"start":{},"end":{}}],"line":53},"6":{"loc":{"start":{"line":54,"column":4},"end":{"line":54,"column":83}},"type":"if","locations":[{"start":{"line":54,"column":4},"end":{"line":54,"column":83}},{"start":{},"end":{}}],"line":54},"7":{"loc":{"start":{"line":61,"column":4},"end":{"line":61,"column":32}},"type":"if","locations":[{"start":{"line":61,"column":4},"end":{"line":61,"column":32}},{"start":{},"end":{}}],"line":61},"8":{"loc":{"start":{"line":84,"column":4},"end":{"line":87,"column":5}},"type":"if","locations":[{"start":{"line":84,"column":4},"end":{"line":87,"column":5}},{"start":{},"end":{}}],"line":84},"9":{"loc":{"start":{"line":99,"column":9},"end":{"line":106,"column":9}},"type":"binary-expr","locations":[{"start":{"line":99,"column":9},"end":{"line":99,"column":19}},{"start":{"line":100,"column":10},"end":{"line":105,"column":19}}],"line":99},"10":{"loc":{"start":{"line":133,"column":55},"end":{"line":133,"column":118}},"type":"cond-expr","locations":[{"start":{"line":133,"column":68},"end":{"line":133,"column":99}},{"start":{"line":133,"column":102},"end":{"line":133,"column":118}}],"line":133},"11":{"loc":{"start":{"line":158,"column":41},"end":{"line":158,"column":72}},"type":"cond-expr","locations":[{"start":{"line":158,"column":60},"end":{"line":158,"column":67}},{"start":{"line":158,"column":70},"end":{"line":158,"column":72}}],"line":158},"12":{"loc":{"start":{"line":161,"column":15},"end":{"line":163,"column":15}},"type":"binary-expr","locations":[{"start":{"line":161,"column":15},"end":{"line":161,"column":31}},{"start":{"line":162,"column":16},"end":{"line":162,"column":68}}],"line":161},"13":{"loc":{"start":{"line":178,"column":41},"end":{"line":178,"column":71}},"type":"cond-expr","locations":[{"start":{"line":178,"column":59},"end":{"line":178,"column":66}},{"start":{"line":178,"column":69},"end":{"line":178,"column":71}}],"line":178},"14":{"loc":{"start":{"line":181,"column":15},"end":{"line":183,"column":15}},"type":"binary-expr","locations":[{"start":{"line":181,"column":15},"end":{"line":181,"column":30}},{"start":{"line":182,"column":16},"end":{"line":182,"column":67}}],"line":181},"15":{"loc":{"start":{"line":198,"column":41},"end":{"line":198,"column":68}},"type":"cond-expr","locations":[{"start":{"line":198,"column":56},"end":{"line":198,"column":63}},{"start":{"line":198,"column":66},"end":{"line":198,"column":68}}],"line":198},"16":{"loc":{"start":{"line":201,"column":15},"end":{"line":203,"column":15}},"type":"binary-expr","locations":[{"start":{"line":201,"column":15},"end":{"line":201,"column":27}},{"start":{"line":202,"column":16},"end":{"line":202,"column":64}}],"line":201},"17":{"loc":{"start":{"line":218,"column":41},"end":{"line":218,"column":68}},"type":"cond-expr","locations":[{"start":{"line":218,"column":56},"end":{"line":218,"column":63}},{"start":{"line":218,"column":66},"end":{"line":218,"column":68}}],"line":218},"18":{"loc":{"start":{"line":221,"column":15},"end":{"line":223,"column":15}},"type":"binary-expr","locations":[{"start":{"line":221,"column":15},"end":{"line":221,"column":27}},{"start":{"line":222,"column":16},"end":{"line":222,"column":64}}],"line":221},"19":{"loc":{"start":{"line":238,"column":41},"end":{"line":238,"column":74}},"type":"cond-expr","locations":[{"start":{"line":238,"column":62},"end":{"line":238,"column":69}},{"start":{"line":238,"column":72},"end":{"line":238,"column":74}}],"line":238},"20":{"loc":{"start":{"line":240,"column":15},"end":{"line":242,"column":15}},"type":"binary-expr","locations":[{"start":{"line":240,"column":15},"end":{"line":240,"column":33}},{"start":{"line":241,"column":16},"end":{"line":241,"column":70}}],"line":240},"21":{"loc":{"start":{"line":337,"column":11},"end":{"line":361,"column":11}},"type":"binary-expr","locations":[{"start":{"line":337,"column":11},"end":{"line":337,"column":20}},{"start":{"line":338,"column":12},"end":{"line":360,"column":18}}],"line":337},"22":{"loc":{"start":{"line":344,"column":17},"end":{"line":351,"column":17}},"type":"cond-expr","locations":[{"start":{"line":345,"column":18},"end":{"line":348,"column":21}},{"start":{"line":350,"column":18},"end":{"line":350,"column":35}}],"line":344}},"s":{"0":0,"1":0,"2":0,"3":0,"4":0,"5":0,"6":0,"7":0,"8":0,"9":0,"10":0,"11":0,"12":0,"13":0,"14":0,"15":0,"16":0,"17":0,"18":0,"19":0,"20":0,"21":0,"22":0,"23":0,"24":0,"25":0,"26":0,"27":0,"28":0,"29":0,"30":0,"31":0,"32":0,"33":0,"34":0,"35":0,"36":0,"37":0,"38":0,"39":0,"40":0,"41":0,"42":0,"43":0,"44":0,"45":0,"46":0},"f":{"0":0,"1":0,"2":0,"3":0,"4":0,"5":0,"6":0,"7":0,"8":0,"9":0},"b":{"0":[0,0],"1":[0,0],"2":[0,0],"3":[0,0],"4":[0,0],"5":[0,0],"6":[0,0],"7":[0,0],"8":[0,0],"9":[0,0],"10":[0,0],"11":[0,0],"12":[0,0],"13":[0,0],"14":[0,0],"15":[0,0],"16":[0,0],"17":[0,0],"18":[0,0],"19":[0,0],"20":[0,0],"21":[0,0],"22":[0,0]}}
,"C:\\Users\\Natha\\OneDrive\\Documents\\_Projects\\winzo\\_Build\\winzo-platform\\winzo-frontend\\src\\components\\account\\ResponsibleGaming.tsx": {"path":"C:\\Users\\Natha\\OneDrive\\Documents\\_Projects\\winzo\\_Build\\winzo-platform\\winzo-frontend\\src\\components\\account\\ResponsibleGaming.tsx","statementMap":{"0":{"start":{"line":21,"column":36},"end":{"line":486,"column":1}},"1":{"start":{"line":22,"column":36},"end":{"line":22,"column":51}},"2":{"start":{"line":23,"column":62},"end":{"line":23,"column":77}},"3":{"start":{"line":24,"column":34},"end":{"line":40,"column":4}},"4":{"start":{"line":42,"column":28},"end":{"line":61,"column":3}},"5":{"start":{"line":43,"column":34},"end":{"line":43,"column":42}},"6":{"start":{"line":44,"column":20},"end":{"line":44,"column":58}},"7":{"start":{"line":46,"column":4},"end":{"line":60,"column":5}},"8":{"start":{"line":47,"column":30},"end":{"line":47,"column":45}},"9":{"start":{"line":48,"column":6},"end":{"line":54,"column":10}},"10":{"start":{"line":48,"column":27},"end":{"line":54,"column":7}},"11":{"start":{"line":56,"column":6},"end":{"line":59,"column":10}},"12":{"start":{"line":56,"column":27},"end":{"line":59,"column":7}},"13":{"start":{"line":63,"column":21},"end":{"line":74,"column":3}},"14":{"start":{"line":64,"column":4},"end":{"line":64,"column":23}},"15":{"start":{"line":65,"column":4},"end":{"line":73,"column":5}},"16":{"start":{"line":67,"column":6},"end":{"line":67,"column":62}},"17":{"start":{"line":67,"column":35},"end":{"line":67,"column":60}},"18":{"start":{"line":70,"column":6},"end":{"line":70,"column":74}},"19":{"start":{"line":72,"column":6},"end":{"line":72,"column":26}},"20":{"start":{"line":76,"column":30},"end":{"line":88,"column":3}},"21":{"start":{"line":77,"column":4},"end":{"line":77,"column":23}},"22":{"start":{"line":78,"column":4},"end":{"line":87,"column":5}},"23":{"start":{"line":80,"column":6},"end":{"line":80,"column":62}},"24":{"start":{"line":80,"column":35},"end":{"line":80,"column":60}},"25":{"start":{"line":81,"column":6},"end":{"line":81,"column":39}},"26":{"start":{"line":84,"column":6},"end":{"line":84,"column":60}},"27":{"start":{"line":86,"column":6},"end":{"line":86,"column":26}},"28":{"start":{"line":90,"column":27},"end":{"line":114,"column":3}},"29":{"start":{"line":116,"column":2},"end":{"line":485,"column":4}},"30":{"start":{"line":365,"column":33},"end":{"line":365,"column":64}},"31":{"start":{"line":371,"column":33},"end":{"line":371,"column":64}},"32":{"start":{"line":377,"column":33},"end":{"line":377,"column":64}},"33":{"start":{"line":383,"column":33},"end":{"line":383,"column":64}},"34":{"start":{"line":404,"column":16},"end":{"line":428,"column":22}},"35":{"start":{"line":466,"column":33},"end":{"line":466,"column":59}},"36":{"start":{"line":473,"column":33},"end":{"line":473,"column":65}}},"fnMap":{"0":{"name":"(anonymous_0)","decl":{"start":{"line":21,"column":36},"end":{"line":21,"column":37}},"loc":{"start":{"line":21,"column":42},"end":{"line":486,"column":1}},"line":21},"1":{"name":"(anonymous_1)","decl":{"start":{"line":42,"column":28},"end":{"line":42,"column":29}},"loc":{"start":{"line":42,"column":92},"end":{"line":61,"column":3}},"line":42},"2":{"name":"(anonymous_2)","decl":{"start":{"line":48,"column":18},"end":{"line":48,"column":19}},"loc":{"start":{"line":48,"column":27},"end":{"line":54,"column":7}},"line":48},"3":{"name":"(anonymous_3)","decl":{"start":{"line":56,"column":18},"end":{"line":56,"column":19}},"loc":{"start":{"line":56,"column":27},"end":{"line":59,"column":7}},"line":56},"4":{"name":"(anonymous_4)","decl":{"start":{"line":63,"column":21},"end":{"line":63,"column":22}},"loc":{"start":{"line":63,"column":33},"end":{"line":74,"column":3}},"line":63},"5":{"name":"(anonymous_5)","decl":{"start":{"line":67,"column":24},"end":{"line":67,"column":25}},"loc":{"start":{"line":67,"column":35},"end":{"line":67,"column":60}},"line":67},"6":{"name":"(anonymous_6)","decl":{"start":{"line":76,"column":30},"end":{"line":76,"column":31}},"loc":{"start":{"line":76,"column":56},"end":{"line":88,"column":3}},"line":76},"7":{"name":"(anonymous_7)","decl":{"start":{"line":80,"column":24},"end":{"line":80,"column":25}},"loc":{"start":{"line":80,"column":35},"end":{"line":80,"column":60}},"line":80},"8":{"name":"(anonymous_8)","decl":{"start":{"line":365,"column":27},"end":{"line":365,"column":28}},"loc":{"start":{"line":365,"column":33},"end":{"line":365,"column":64}},"line":365},"9":{"name":"(anonymous_9)","decl":{"start":{"line":371,"column":27},"end":{"line":371,"column":28}},"loc":{"start":{"line":371,"column":33},"end":{"line":371,"column":64}},"line":371},"10":{"name":"(anonymous_10)","decl":{"start":{"line":377,"column":27},"end":{"line":377,"column":28}},"loc":{"start":{"line":377,"column":33},"end":{"line":377,"column":64}},"line":377},"11":{"name":"(anonymous_11)","decl":{"start":{"line":383,"column":27},"end":{"line":383,"column":28}},"loc":{"start":{"line":383,"column":33},"end":{"line":383,"column":64}},"line":383},"12":{"name":"(anonymous_12)","decl":{"start":{"line":403,"column":36},"end":{"line":403,"column":37}},"loc":{"start":{"line":404,"column":16},"end":{"line":428,"column":22}},"line":404},"13":{"name":"(anonymous_13)","decl":{"start":{"line":466,"column":27},"end":{"line":466,"column":28}},"loc":{"start":{"line":466,"column":33},"end":{"line":466,"column":59}},"line":466},"14":{"name":"(anonymous_14)","decl":{"start":{"line":473,"column":27},"end":{"line":473,"column":28}},"loc":{"start":{"line":473,"column":33},"end":{"line":473,"column":65}},"line":473}},"branchMap":{"0":{"loc":{"start":{"line":46,"column":4},"end":{"line":60,"column":5}},"type":"if","locations":[{"start":{"line":46,"column":4},"end":{"line":60,"column":5}},{"start":{"line":55,"column":11},"end":{"line":60,"column":5}}],"line":46},"1":{"loc":{"start":{"line":52,"column":19},"end":{"line":52,"column":56}},"type":"cond-expr","locations":[{"start":{"line":52,"column":41},"end":{"line":52,"column":48}},{"start":{"line":52,"column":51},"end":{"line":52,"column":56}}],"line":52},"2":{"loc":{"start":{"line":58,"column":16},"end":{"line":58,"column":53}},"type":"cond-expr","locations":[{"start":{"line":58,"column":38},"end":{"line":58,"column":45}},{"start":{"line":58,"column":48},"end":{"line":58,"column":53}}],"line":58},"3":{"loc":{"start":{"line":408,"column":21},"end":{"line":415,"column":21}},"type":"binary-expr","locations":[{"start":{"line":408,"column":21},"end":{"line":408,"column":35}},{"start":{"line":409,"column":22},"end":{"line":414,"column":28}}],"line":408},"4":{"loc":{"start":{"line":441,"column":13},"end":{"line":448,"column":13}},"type":"cond-expr","locations":[{"start":{"line":442,"column":14},"end":{"line":445,"column":17}},{"start":{"line":447,"column":14},"end":{"line":447,"column":32}}],"line":441},"5":{"loc":{"start":{"line":454,"column":7},"end":{"line":483,"column":7}},"type":"binary-expr","locations":[{"start":{"line":454,"column":7},"end":{"line":454,"column":29}},{"start":{"line":455,"column":8},"end":{"line":482,"column":14}}],"line":454},"6":{"loc":{"start":{"line":470,"column":19},"end":{"line":470,"column":58}},"type":"cond-expr","locations":[{"start":{"line":470,"column":31},"end":{"line":470,"column":46}},{"start":{"line":470,"column":49},"end":{"line":470,"column":58}}],"line":470}},"s":{"0":0,"1":0,"2":0,"3":0,"4":0,"5":0,"6":0,"7":0,"8":0,"9":0,"10":0,"11":0,"12":0,"13":0,"14":0,"15":0,"16":0,"17":0,"18":0,"19":0,"20":0,"21":0,"22":0,"23":0,"24":0,"25":0,"26":0,"27":0,"28":0,"29":0,"30":0,"31":0,"32":0,"33":0,"34":0,"35":0,"36":0},"f":{"0":0,"1":0,"2":0,"3":0,"4":0,"5":0,"6":0,"7":0,"8":0,"9":0,"10":0,"11":0,"12":0,"13":0,"14":0},"b":{"0":[0,0],"1":[0,0],"2":[0,0],"3":[0,0],"4":[0,0],"5":[0,0],"6":[0,0]}}
,"C:\\Users\\Natha\\OneDrive\\Documents\\_Projects\\winzo\\_Build\\winzo-platform\\winzo-frontend\\src\\components\\account\\SecuritySettings.tsx": {"path":"C:\\Users\\Natha\\OneDrive\\Documents\\_Projects\\winzo\\_Build\\winzo-platform\\winzo-frontend\\src\\components\\account\\SecuritySettings.tsx","statementMap":{"0":{"start":{"line":24,"column":35},"end":{"line":538,"column":1}},"1":{"start":{"line":25,"column":36},"end":{"line":25,"column":51}},"2":{"start":{"line":26,"column":50},"end":{"line":26,"column":65}},"3":{"start":{"line":27,"column":38},"end":{"line":27,"column":53}},"4":{"start":{"line":29,"column":42},"end":{"line":33,"column":4}},"5":{"start":{"line":34,"column":46},"end":{"line":34,"column":81}},"6":{"start":{"line":36,"column":52},"end":{"line":40,"column":4}},"7":{"start":{"line":42,"column":26},"end":{"line":67,"column":4}},"8":{"start":{"line":69,"column":30},"end":{"line":78,"column":3}},"9":{"start":{"line":80,"column":31},"end":{"line":87,"column":3}},"10":{"start":{"line":81,"column":28},"end":{"line":81,"column":36}},"11":{"start":{"line":82,"column":4},"end":{"line":82,"column":58}},"12":{"start":{"line":82,"column":29},"end":{"line":82,"column":55}},"13":{"start":{"line":84,"column":4},"end":{"line":86,"column":5}},"14":{"start":{"line":85,"column":6},"end":{"line":85,"column":66}},"15":{"start":{"line":85,"column":33},"end":{"line":85,"column":63}},"16":{"start":{"line":89,"column":27},"end":{"line":112,"column":3}},"17":{"start":{"line":90,"column":42},"end":{"line":90,"column":44}},"18":{"start":{"line":92,"column":4},"end":{"line":94,"column":5}},"19":{"start":{"line":93,"column":6},"end":{"line":93,"column":62}},"20":{"start":{"line":96,"column":4},"end":{"line":102,"column":5}},"21":{"start":{"line":97,"column":6},"end":{"line":97,"column":54}},"22":{"start":{"line":98,"column":11},"end":{"line":102,"column":5}},"23":{"start":{"line":99,"column":6},"end":{"line":99,"column":68}},"24":{"start":{"line":100,"column":11},"end":{"line":102,"column":5}},"25":{"start":{"line":101,"column":6},"end":{"line":101,"column":84}},"26":{"start":{"line":104,"column":4},"end":{"line":108,"column":5}},"27":{"start":{"line":105,"column":6},"end":{"line":105,"column":62}},"28":{"start":{"line":106,"column":11},"end":{"line":108,"column":5}},"29":{"start":{"line":107,"column":6},"end":{"line":107,"column":56}},"30":{"start":{"line":110,"column":4},"end":{"line":110,"column":30}},"31":{"start":{"line":111,"column":4},"end":{"line":111,"column":44}},"32":{"start":{"line":114,"column":31},"end":{"line":129,"column":3}},"33":{"start":{"line":115,"column":4},"end":{"line":115,"column":23}},"34":{"start":{"line":116,"column":4},"end":{"line":116,"column":36}},"35":{"start":{"line":116,"column":29},"end":{"line":116,"column":36}},"36":{"start":{"line":118,"column":4},"end":{"line":118,"column":23}},"37":{"start":{"line":119,"column":4},"end":{"line":128,"column":5}},"38":{"start":{"line":121,"column":6},"end":{"line":121,"column":62}},"39":{"start":{"line":121,"column":35},"end":{"line":121,"column":60}},"40":{"start":{"line":122,"column":6},"end":{"line":122,"column":85}},"41":{"start":{"line":125,"column":6},"end":{"line":125,"column":57}},"42":{"start":{"line":127,"column":6},"end":{"line":127,"column":26}},"43":{"start":{"line":131,"column":26},"end":{"line":142,"column":3}},"44":{"start":{"line":132,"column":4},"end":{"line":132,"column":23}},"45":{"start":{"line":133,"column":4},"end":{"line":141,"column":5}},"46":{"start":{"line":135,"column":6},"end":{"line":135,"column":62}},"47":{"start":{"line":135,"column":35},"end":{"line":135,"column":60}},"48":{"start":{"line":136,"column":6},"end":{"line":136,"column":26}},"49":{"start":{"line":138,"column":6},"end":{"line":138,"column":52}},"50":{"start":{"line":140,"column":6},"end":{"line":140,"column":26}},"51":{"start":{"line":144,"column":27},"end":{"line":156,"column":3}},"52":{"start":{"line":145,"column":4},"end":{"line":145,"column":23}},"53":{"start":{"line":146,"column":4},"end":{"line":155,"column":5}},"54":{"start":{"line":148,"column":6},"end":{"line":148,"column":62}},"55":{"start":{"line":148,"column":35},"end":{"line":148,"column":60}},"56":{"start":{"line":149,"column":6},"end":{"line":149,"column":32}},"57":{"start":{"line":150,"column":6},"end":{"line":150,"column":27}},"58":{"start":{"line":152,"column":6},"end":{"line":152,"column":53}},"59":{"start":{"line":154,"column":6},"end":{"line":154,"column":26}},"60":{"start":{"line":158,"column":27},"end":{"line":169,"column":3}},"61":{"start":{"line":159,"column":4},"end":{"line":159,"column":23}},"62":{"start":{"line":160,"column":4},"end":{"line":168,"column":5}},"63":{"start":{"line":162,"column":6},"end":{"line":162,"column":62}},"64":{"start":{"line":162,"column":35},"end":{"line":162,"column":60}},"65":{"start":{"line":163,"column":6},"end":{"line":163,"column":33}},"66":{"start":{"line":165,"column":6},"end":{"line":165,"column":53}},"67":{"start":{"line":167,"column":6},"end":{"line":167,"column":26}},"68":{"start":{"line":171,"column":39},"end":{"line":175,"column":3}},"69":{"start":{"line":172,"column":4},"end":{"line":174,"column":6}},"70":{"start":{"line":173,"column":6},"end":{"line":173,"column":63}},"71":{"start":{"line":173,"column":20},"end":{"line":173,"column":62}},"72":{"start":{"line":177,"column":33},"end":{"line":188,"column":3}},"73":{"start":{"line":178,"column":4},"end":{"line":178,"column":23}},"74":{"start":{"line":179,"column":4},"end":{"line":187,"column":5}},"75":{"start":{"line":181,"column":6},"end":{"line":181,"column":61}},"76":{"start":{"line":181,"column":35},"end":{"line":181,"column":59}},"77":{"start":{"line":184,"column":6},"end":{"line":184,"column":59}},"78":{"start":{"line":186,"column":6},"end":{"line":186,"column":26}},"79":{"start":{"line":190,"column":2},"end":{"line":537,"column":4}},"80":{"start":{"line":392,"column":39},"end":{"line":392,"column":59}},"81":{"start":{"line":439,"column":16},"end":{"line":467,"column":22}},"82":{"start":{"line":446,"column":39},"end":{"line":446,"column":102}},"83":{"start":{"line":450,"column":24},"end":{"line":452,"column":33}},"84":{"start":{"line":462,"column":39},"end":{"line":462,"column":100}},"85":{"start":{"line":488,"column":16},"end":{"line":524,"column":22}},"86":{"start":{"line":518,"column":37},"end":{"line":518,"column":71}}},"fnMap":{"0":{"name":"(anonymous_0)","decl":{"start":{"line":24,"column":35},"end":{"line":24,"column":36}},"loc":{"start":{"line":24,"column":41},"end":{"line":538,"column":1}},"line":24},"1":{"name":"(anonymous_1)","decl":{"start":{"line":80,"column":31},"end":{"line":80,"column":32}},"loc":{"start":{"line":80,"column":75},"end":{"line":87,"column":3}},"line":80},"2":{"name":"(anonymous_2)","decl":{"start":{"line":82,"column":20},"end":{"line":82,"column":21}},"loc":{"start":{"line":82,"column":29},"end":{"line":82,"column":55}},"line":82},"3":{"name":"(anonymous_3)","decl":{"start":{"line":85,"column":24},"end":{"line":85,"column":25}},"loc":{"start":{"line":85,"column":33},"end":{"line":85,"column":63}},"line":85},"4":{"name":"(anonymous_4)","decl":{"start":{"line":89,"column":27},"end":{"line":89,"column":28}},"loc":{"start":{"line":89,"column":42},"end":{"line":112,"column":3}},"line":89},"5":{"name":"(anonymous_5)","decl":{"start":{"line":114,"column":31},"end":{"line":114,"column":32}},"loc":{"start":{"line":114,"column":61},"end":{"line":129,"column":3}},"line":114},"6":{"name":"(anonymous_6)","decl":{"start":{"line":121,"column":24},"end":{"line":121,"column":25}},"loc":{"start":{"line":121,"column":35},"end":{"line":121,"column":60}},"line":121},"7":{"name":"(anonymous_7)","decl":{"start":{"line":131,"column":26},"end":{"line":131,"column":27}},"loc":{"start":{"line":131,"column":38},"end":{"line":142,"column":3}},"line":131},"8":{"name":"(anonymous_8)","decl":{"start":{"line":135,"column":24},"end":{"line":135,"column":25}},"loc":{"start":{"line":135,"column":35},"end":{"line":135,"column":60}},"line":135},"9":{"name":"(anonymous_9)","decl":{"start":{"line":144,"column":27},"end":{"line":144,"column":28}},"loc":{"start":{"line":144,"column":39},"end":{"line":156,"column":3}},"line":144},"10":{"name":"(anonymous_10)","decl":{"start":{"line":148,"column":24},"end":{"line":148,"column":25}},"loc":{"start":{"line":148,"column":35},"end":{"line":148,"column":60}},"line":148},"11":{"name":"(anonymous_11)","decl":{"start":{"line":158,"column":27},"end":{"line":158,"column":28}},"loc":{"start":{"line":158,"column":39},"end":{"line":169,"column":3}},"line":158},"12":{"name":"(anonymous_12)","decl":{"start":{"line":162,"column":24},"end":{"line":162,"column":25}},"loc":{"start":{"line":162,"column":35},"end":{"line":162,"column":60}},"line":162},"13":{"name":"(anonymous_13)","decl":{"start":{"line":171,"column":39},"end":{"line":171,"column":40}},"loc":{"start":{"line":171,"column":100},"end":{"line":175,"column":3}},"line":171},"14":{"name":"(anonymous_14)","decl":{"start":{"line":172,"column":25},"end":{"line":172,"column":26}},"loc":{"start":{"line":173,"column":6},"end":{"line":173,"column":63}},"line":173},"15":{"name":"(anonymous_15)","decl":{"start":{"line":173,"column":15},"end":{"line":173,"column":16}},"loc":{"start":{"line":173,"column":20},"end":{"line":173,"column":62}},"line":173},"16":{"name":"(anonymous_16)","decl":{"start":{"line":177,"column":33},"end":{"line":177,"column":34}},"loc":{"start":{"line":177,"column":62},"end":{"line":188,"column":3}},"line":177},"17":{"name":"(anonymous_17)","decl":{"start":{"line":181,"column":24},"end":{"line":181,"column":25}},"loc":{"start":{"line":181,"column":35},"end":{"line":181,"column":59}},"line":181},"18":{"name":"(anonymous_18)","decl":{"start":{"line":392,"column":33},"end":{"line":392,"column":34}},"loc":{"start":{"line":392,"column":39},"end":{"line":392,"column":59}},"line":392},"19":{"name":"(anonymous_19)","decl":{"start":{"line":438,"column":37},"end":{"line":438,"column":38}},"loc":{"start":{"line":439,"column":16},"end":{"line":467,"column":22}},"line":439},"20":{"name":"(anonymous_20)","decl":{"start":{"line":446,"column":32},"end":{"line":446,"column":33}},"loc":{"start":{"line":446,"column":39},"end":{"line":446,"column":102}},"line":446},"21":{"name":"(anonymous_21)","decl":{"start":{"line":449,"column":47},"end":{"line":449,"column":48}},"loc":{"start":{"line":450,"column":24},"end":{"line":452,"column":33}},"line":450},"22":{"name":"(anonymous_22)","decl":{"start":{"line":462,"column":32},"end":{"line":462,"column":33}},"loc":{"start":{"line":462,"column":39},"end":{"line":462,"column":100}},"line":462},"23":{"name":"(anonymous_23)","decl":{"start":{"line":487,"column":33},"end":{"line":487,"column":34}},"loc":{"start":{"line":488,"column":16},"end":{"line":524,"column":22}},"line":488},"24":{"name":"(anonymous_24)","decl":{"start":{"line":518,"column":31},"end":{"line":518,"column":32}},"loc":{"star
[...]
ecl":{"start":{"line":43,"column":26},"end":{"line":43,"column":27}},"loc":{"start":{"line":43,"column":32},"end":{"line":49,"column":11}},"line":43},"4":{"name":"(anonymous_4)","decl":{"start":{"line":51,"column":27},"end":{"line":51,"column":28}},"loc":{"start":{"line":51,"column":33},"end":{"line":59,"column":11}},"line":51},"5":{"name":"(anonymous_5)","decl":{"start":{"line":73,"column":9},"end":{"line":73,"column":10}},"loc":{"start":{"line":73,"column":15},"end":{"line":73,"column":38}},"line":73},"6":{"name":"(anonymous_6)","decl":{"start":{"line":77,"column":28},"end":{"line":77,"column":29}},"loc":{"start":{"line":77,"column":77},"end":{"line":108,"column":1}},"line":77},"7":{"name":"(anonymous_7)","decl":{"start":{"line":83,"column":18},"end":{"line":83,"column":19}},"loc":{"start":{"line":83,"column":24},"end":{"line":100,"column":3}},"line":83},"8":{"name":"(anonymous_8)","decl":{"start":{"line":89,"column":14},"end":{"line":89,"column":15}},"loc":{"start":{"line":89,"column":20},"end":{"line":92,"column":7}},"line":89},"9":{"name":"(anonymous_9)","decl":{"start":{"line":93,"column":15},"end":{"line":93,"column":16}},"loc":{"start":{"line":93,"column":21},"end":{"line":96,"column":7}},"line":93},"10":{"name":"dynamicImport","decl":{"start":{"line":113,"column":22},"end":{"line":113,"column":35}},"loc":{"start":{"line":116,"column":14},"end":{"line":126,"column":1}},"line":116},"11":{"name":"debounce","decl":{"start":{"line":131,"column":16},"end":{"line":131,"column":24}},"loc":{"start":{"line":134,"column":36},"end":{"line":141,"column":1}},"line":134},"12":{"name":"(anonymous_12)","decl":{"start":{"line":137,"column":9},"end":{"line":137,"column":10}},"loc":{"start":{"line":137,"column":37},"end":{"line":140,"column":3}},"line":137},"13":{"name":"(anonymous_13)","decl":{"start":{"line":139,"column":27},"end":{"line":139,"column":28}},"loc":{"start":{"line":139,"column":33},"end":{"line":139,"column":46}},"line":139},"14":{"name":"throttle","decl":{"start":{"line":144,"column":16},"end":{"line":144,"column":24}},"loc":{"start":{"line":147,"column":36},"end":{"line":157,"column":1}},"line":147},"15":{"name":"(anonymous_15)","decl":{"start":{"line":150,"column":9},"end":{"line":150,"column":10}},"loc":{"start":{"line":150,"column":37},"end":{"line":156,"column":3}},"line":150},"16":{"name":"(anonymous_16)","decl":{"start":{"line":154,"column":17},"end":{"line":154,"column":18}},"loc":{"start":{"line":154,"column":23},"end":{"line":154,"column":41}},"line":154},"17":{"name":"(anonymous_17)","decl":{"start":{"line":161,"column":18},"end":{"line":161,"column":19}},"loc":{"start":{"line":161,"column":29},"end":{"line":166,"column":3}},"line":161},"18":{"name":"(anonymous_18)","decl":{"start":{"line":168,"column":18},"end":{"line":168,"column":19}},"loc":{"start":{"line":168,"column":54},"end":{"line":177,"column":3}},"line":168},"19":{"name":"(anonymous_19)","decl":{"start":{"line":179,"column":23},"end":{"line":179,"column":24}},"loc":{"start":{"line":179,"column":38},"end":{"line":185,"column":3}},"line":179},"20":{"name":"(anonymous_20)","decl":{"start":{"line":201,"column":2},"end":{"line":201,"column":3}},"loc":{"start":{"line":201,"column":60},"end":{"line":207,"column":3}},"line":201},"21":{"name":"(anonymous_21)","decl":{"start":{"line":209,"column":2},"end":{"line":209,"column":3}},"loc":{"start":{"line":209,"column":47},"end":{"line":224,"column":3}},"line":209},"22":{"name":"(anonymous_22)","decl":{"start":{"line":226,"column":2},"end":{"line":226,"column":3}},"loc":{"start":{"line":226,"column":58},"end":{"line":228,"column":3}},"line":226},"23":{"name":"(anonymous_23)","decl":{"start":{"line":230,"column":2},"end":{"line":230,"column":3}},"loc":{"start":{"line":230,"column":40},"end":{"line":232,"column":3}},"line":230},"24":{"name":"(anonymous_24)","decl":{"start":{"line":234,"column":2},"end":{"line":234,"column":3}},"loc":{"start":{"line":234,"column":16},"end":{"line":236,"column":3}},"line":234},"25":{"name":"(anonymous_25)","decl":{"start":{"line":242,"column":37},"end":{"line":242,"column":38}},"loc":{"start":{"line":242,"column":81},"end":{"line":253,"column":1}},"line":242},"26":{"name":"(anonymous_26)","decl":{"start":{"line":243,"column":18},"end":{"line":243,"column":19}},"loc":{"start":{"line":243,"column":24},"end":{"line":252,"column":3}},"line":243},"27":{"name":"(anonymous_27)","decl":{"start":{"line":246,"column":11},"end":{"line":246,"column":12}},"loc":{"start":{"line":246,"column":17},"end":{"line":251,"column":5}},"line":246},"28":{"name":"(anonymous_28)","decl":{"start":{"line":259,"column":21},"end":{"line":259,"column":22}},"loc":{"start":{"line":259,"column":32},"end":{"line":261,"column":3}},"line":259},"29":{"name":"(anonymous_29)","decl":{"start":{"line":263,"column":20},"end":{"line":263,"column":21}},"loc":{"start":{"line":263,"column":35},"end":{"line":270,"column":3}},"line":263},"30":{"name":"(anonymous_30)","decl":{"start":{"line":272,"column":21},"end":{"line":272,"column":22}},"loc":{"start":{"line":272,"column":35},"end":{"line":275,"column":3}},"line":272},"31":{"name":"(anonymous_31)","decl":{"start":{"line":277,"column":22},"end":{"line":277,"column":23}},"loc":{"start":{"line":277,"column":71},"end":{"line":285,"column":3}},"line":277},"32":{"name":"(anonymous_32)","decl":{"start":{"line":279,"column":28},"end":{"line":279,"column":29}},"loc":{"start":{"line":279,"column":34},"end":{"line":279,"column":36}},"line":279},"33":{"name":"(anonymous_33)","decl":{"start":{"line":281,"column":25},"end":{"line":281,"column":26}},"loc":{"start":{"line":281,"column":31},"end":{"line":281,"column":51}},"line":281},"34":{"name":"(anonymous_34)","decl":{"start":{"line":284,"column":11},"end":{"line":284,"column":12}},"loc":{"start":{"line":284,"column":17},"end":{"line":284,"column":71}},"line":284},"35":{"name":"timeoutFetch","decl":{"start":{"line":289,"column":22},"end":{"line":289,"column":34}},"loc":{"start":{"line":292,"column":21},"end":{"line":311,"column":1}},"line":292},"36":{"name":"(anonymous_36)","decl":{"start":{"line":297,"column":31},"end":{"line":297,"column":32}},"loc":{"start":{"line":297,"column":37},"end":{"line":297,"column":55}},"line":297},"37":{"name":"(anonymous_37)","decl":{"start":{"line":317,"column":12},"end":{"line":317,"column":13}},"loc":{"start":{"line":317,"column":27},"end":{"line":319,"column":3}},"line":317},"38":{"name":"(anonymous_38)","decl":{"start":{"line":321,"column":9},"end":{"line":321,"column":10}},"loc":{"start":{"line":321,"column":24},"end":{"line":323,"column":3}},"line":321},"39":{"name":"(anonymous_39)","decl":{"start":{"line":325,"column":13},"end":{"line":325,"column":14}},"loc":{"start":{"line":325,"column":28},"end":{"line":327,"column":3}},"line":325},"40":{"name":"(anonymous_40)","decl":{"start":{"line":329,"column":12},"end":{"line":329,"column":13}},"loc":{"start":{"line":329,"column":27},"end":{"line":331,"column":3}},"line":329},"41":{"name":"(anonymous_41)","decl":{"start":{"line":333,"column":19},"end":{"line":333,"column":20}},"loc":{"start":{"line":333,"column":33},"end":{"line":335,"column":3}},"line":333},"42":{"name":"(anonymous_42)","decl":{"start":{"line":337,"column":15},"end":{"line":337,"column":16}},"loc":{"start":{"line":337,"column":29},"end":{"line":339,"column":3}},"line":337},"43":{"name":"(anonymous_43)","decl":{"start":{"line":342,"column":26},"end":{"line":342,"column":27}},"loc":{"start":{"line":342,"column":41},"end":{"line":353,"column":3}},"line":342},"44":{"name":"(anonymous_44)","decl":{"start":{"line":355,"column":26},"end":{"line":355,"column":27}},"loc":{"start":{"line":355,"column":40},"end":{"line":362,"column":3}},"line":355},"45":{"name":"(anonymous_45)","decl":{"start":{"line":386,"column":2},"end":{"line":386,"column":3}},"loc":{"start":{"line":386,"column":45},"end":{"line":389,"column":3}},"line":386},"46":{"name":"(anonymous_46)","decl":{"start":{"line":391,"column":2},"end":{"line":391,"column":3}},"loc":{"start":{"line":391,"column":31},"end":{"line":397,"column":3}},"line":391},"47":{"name":"(anonymous_47)","decl":{"start":{"line":392,"column":27},"end":{"line":392,"column":28}},"loc":{"start":{"line":392,"column":45},"end":{"line":396,"column":5}},"line":392},"48":{"name":"(anonymous_48)","decl":{"start":{"line":399,"column":2},"end":{"line":399,"column":3}},"loc":{"start":{"line":399,"column":40},"end":{"line":401,"column":3}},"line":399},"49":{"name":"(anonymous_49)","decl":{"start":{"line":403,"column":2},"end":{"line":403,"column":3}},"loc":{"start":{"line":403,"column":68},"end":{"line":419,"column":3}},"line":403},"50":{"name":"(anonymous_50)","decl":{"start":{"line":421,"column":2},"end":{"line":421,"column":3}},"loc":{"start":{"line":421,"column":89},"end":{"line":427,"column":3}},"line":421},"51":{"name":"(anonymous_51)","decl":{"start":{"line":431,"column":32},"end":{"line":431,"column":33}},"loc":{"start":{"line":434,"column":5},"end":{"line":458,"column":1}},"line":434},"52":{"name":"(anonymous_52)","decl":{"start":{"line":436,"column":33},"end":{"line":436,"column":34}},"loc":{"start":{"line":436,"column":39},"end":{"line":436,"column":67}},"line":436},"53":{"name":"(anonymous_53)","decl":{"start":{"line":438,"column":18},"end":{"line":438,"column":19}},"loc":{"start":{"line":438,"column":24},"end":{"line":440,"column":3}},"line":438},"54":{"name":"(anonymous_54)","decl":{"start":{"line":442,"column":18},"end":{"line":442,"column":19}},"loc":{"start":{"line":442,"column":24},"end":{"line":444,"column":3}},"line":442},"55":{"name":"(anonymous_55)","decl":{"start":{"line":446,"column":41},"end":{"line":446,"column":42}},"loc":{"start":{"line":446,"column":80},"end":{"line":448,"column":3}},"line":446},"56":{"name":"(anonymous_56)","decl":{"start":{"line":450,"column":36},"end":{"line":450,"column":37}},"loc":{"start":{"line":450,"column":42},"end":{"line":452,"column":3}},"line":450}},"branchMap":{"0":{"loc":{"start":{"line":20,"column":2},"end":{"line":20,"column":32}},"type":"default-arg","locations":[{"start":{"line":20,"column":30},"end":{"line":20,"column":32}}],"line":20},"1":{"loc":{"start":{"line":23,"column":4},"end":{"line":23,"column":23}},"type":"default-arg","locations":[{"start":{"line":23,"column":17},"end":{"line":23,"column":23}}],"line":23},"2":{"loc":{"start":{"line":24,"column":4},"end":{"line":24,"column":19}},"type":"default-arg","locations":[{"start":{"line":24,"column":16},"end":{"line":24,"column":19}}],"line":24},"3":{"loc":{"start":{"line":34,"column":8},"end":{"line":62,"column":9}},"type":"if","locations":[{"start":{"line":34,"column":8},"end":{"line":62,"column":9}},{"start":{},"end":{}}],"line":34},"4":{"loc":{"start":{"line":52,"column":12},"end":{"line":54,"column":13}},"type":"if","locations":[{"start":{"line":52,"column":12},"end":{"line":54,"column":13}},{"start":{},"end":{}}],"line":52},"5":{"loc":{"start":{"line":77,"column":42},"end":{"line":77,"column":72}},"type":"default-arg","locations":[{"start":{"line":77,"column":70},"end":{"line":77,"column":72}}],"line":77},"6":{"loc":{"start":{"line":85,"column":4},"end":{"line":85,"column":21}},"type":"if","locations":[{"start":{"line":85,"column":4},"end":{"line":85,"column":21}},{"start":{},"end":{}}],"line":85},"7":{"loc":{"start":{"line":121,"column":4},"end":{"line":123,"column":5}},"type":"if","locations":[{"start":{"line":121,"column":4},"end":{"line":123,"column":5}},{"start":{},"end":{}}],"line":121},"8":{"loc":{"start":{"line":151,"column":4},"end":{"line":155,"column":5}},"type":"if","locations":[{"start":{"line":151,"column":4},"end":{"line":155,"column":5}},{"start":{},"end":{}}],"line":151},"9":{"loc":{"start":{"line":162,"column":4},"end":{"line":164,"column":5}},"type":"if","locations":[{"start":{"line":162,"column":4},"end":{"line":164,"column":5}},{"start":{},"end":{}}],"line":162},"10":{"loc":{"start":{"line":168,"column":19},"end":{"line":168,"column":49}},"type":"default-arg","locations":[{"start":{"line":168,"column":35},"end":{"line":168,"column":49}}],"line":168},"11":{"loc":{"start":{"line":170,"column":4},"end":{"line":176,"column":5}},"type":"if","locations":[{"start":{"line":170,"column":4},"end":{"line":176,"column":5}},{"start":{},"end":{}}],"line":170},"12":{"loc":{"start":{"line":181,"column":4},"end":{"line":181,"column":30}},"type":"if","locations":[{"start":{"line":181,"column":4},"end":{"line":181,"column":30}},{"start":{},"end":{}}],"line":181},"13":{"loc":{"start":{"line":211,"column":4},"end":{"line":211,"column":29}},"type":"if","locations":[{"start":{"line":211,"column":4},"end":{"line":211,"column":29}},{"start":{},"end":{}}],"line":211},"14":{"loc":{"start":{"line":242,"column":52},"end":{"line":242,"column":76}},"type":"default-arg","locations":[{"start":{"line":242,"column":74},"end":{"line":242,"column":76}}],"line":242},"15":{"loc":{"start":{"line":248,"column":6},"end":{"line":250,"column":7}},"type":"if","locations":[{"start":{"line":248,"column":6},"end":{"line":250,"column":7}},{"start":{},"end":{}}],"line":248},"16":{"loc":{"start":{"line":248,"column":10},"end":{"line":248,"column":60}},"type":"binary-expr","locations":[{"start":{"line":248,"column":10},"end":{"line":248,"column":16}},{"start":{"line":248,"column":20},"end":{"line":248,"column":35}},{"start":{"line":248,"column":39},"end":{"line":248,"column":60}}],"line":248},"17":{"loc":{"start":{"line":260,"column":11},"end":{"line":260,"column":115}},"type":"binary-expr","locations":[{"start":{"line":260,"column":11},"end":{"line":260,"column":40}},{"start":{"line":260,"column":44},"end":{"line":260,"column":76}},{"start":{"line":260,"column":80},"end":{"line":260,"column":115}}],"line":260},"18":{"loc":{"start":{"line":265,"column":4},"end":{"line":265,"column":34}},"type":"if","locations":[{"start":{"line":265,"column":4},"end":{"line":265,"column":34}},{"start":{},"end":{}}],"line":265},"19":{"loc":{"start":{"line":267,"column":11},"end":{"line":269,"column":36}},"type":"binary-expr","locations":[{"start":{"line":267,"column":11},"end":{"line":267,"column":49}},{"start":{"line":268,"column":11},"end":{"line":268,"column":44}},{"start":{"line":269,"column":11},"end":{"line":269,"column":36}}],"line":267},"20":{"loc":{"start":{"line":274,"column":11},"end":{"line":274,"column":49}},"type":"binary-expr","locations":[{"start":{"line":274,"column":11},"end":{"line":274,"column":36}},{"start":{"line":274,"column":40},"end":{"line":274,"column":49}}],"line":274},"21":{"loc":{"start":{"line":279,"column":4},"end":{"line":279,"column":37}},"type":"if","locations":[{"start":{"line":279,"column":4},"end":{"line":279,"column":37}},{"start":{},"end":{}}],"line":279},"22":{"loc":{"start":{"line":291,"column":2},"end":{"line":291,"column":50}},"type":"default-arg","locations":[{"start":{"line":291,"column":48},"end":{"line":291,"column":50}}],"line":291},"23":{"loc":{"start":{"line":293,"column":10},"end":{"line":293,"column":25}},"type":"default-arg","locations":[{"start":{"line":293,"column":20},"end":{"line":293,"column":25}}],"line":293},"24":{"loc":{"start":{"line":330,"column":11},"end":{"line":330,"column":67}},"type":"binary-expr","locations":[{"start":{"line":330,"column":11},"end":{"line":330,"column":35}},{"start":{"line":330,"column":39},"end":{"line":330,"column":67}}],"line":330},"25":{"loc":{"start":{"line":334,"column":11},"end":{"line":334,"column":47}},"type":"binary-expr","locations":[{"start":{"line":334,"column":11},"end":{"line":334,"column":42}},{"start":{"line":334,"column":46},"end":{"line":334,"column":47}}],"line":334},"26":{"loc":{"start":{"line":338,"column":11},"end":{"line":338,"column":45}},"type":"binary-expr","locations":[{"start":{"line":338,"column":11},"end":{"line":338,"column":40}},{"start":{"line":338,"column":44},"end":{"line":338,"column":45}}],"line":338},"27":{"loc":{"start":{"line":344,"column":4},"end":{"line":346,"column":5}},"type":"if","locations":[{"start":{"line":344,"column":4},"end":{"line":346,"column":5}},{"start":{},"end":{}}],"line":344},"28":{"loc":{"start":{"line":344,"column":8},"end":{"line":344,"column":102}},"type":"binary-expr","locations":[{"start":{"line":344,"column":8},"end":{"line":344,"column":37}},{"start":{"line":344,"column":41},"end":{"line":344,"column":102}}],"line":344},"29":{"loc":{"start":{"line":352,"column":11},"end":{"line":352,"column":71}},"type":"binary-expr","locations":[{"start":{"line":352,"column":11},"end":{"line":352,"column":21}},{"start":{"line":352,"column":25},"end":{"line":352,"column":34}},{"start":{"line":352,"column":38},"end":{"line":352,"column":71}}],"line":352},"30":{"loc":{"start":{"line":359,"column":4},"end":{"line":359,"column":48}},"type":"if","locations":[{"start":{"line":359,"column":4},"end":{"line":359,"column":48}},{"start":{},"end":{}}],"line":359},"31":{"loc":{"start":{"line":359,"column":8},"end":{"line":359,"column":35}},"type":"binary-expr","locations":[{"start":{"line":359,"column":8},"end":{"line":359,"column":21}},{"start":{"line":359,"column":25},"end":{"line":359,"column":35}}],"line":359},"32":{"loc":{"start":{"line":360,"column":4},"end":{"line":360,"column":31}},"type":"if","locations":[{"start":{"line":360,"column":4},"end":{"line":360,"column":31}},{"start":{},"end":{}}],"line":360},"33":{"loc":{"start":{"line":393,"column":10},"end":{"line":393,"column":26}},"type":"binary-expr","locations":[{"start":{"line":393,"column":10},"end":{"line":393,"column":17}},{"start":{"line":393,"column":21},"end":{"line":393,"column":26}}],"line":393},"34":{"loc":{"start":{"line":394,"column":14},"end":{"line":394,"column":82}},"type":"binary-expr","locations":[{"start":{"line":394,"column":14},"end":{"line":394,"column":55}},{"start":{"line":394,"column":59},"end":{"line":394,"column":82}}],"line":394},"35":{"loc":{"start":{"line":404,"column":24},"end":{"line":404,"column":36}},"type":"default-arg","locations":[{"start":{"line":404,"column":35},"end":{"line":404,"column":36}}],"line":404}},"s":{"0":0,"1":0,"2":0,"3":0,"4":0,"5":0,"6":0,"7":0,"8":0,"9":0,"10":0,"11":0,"12":0,"13":0,"14":0,"15":0,"16":0,"17":0,"18":0,"19":0,"20":0,"21":0,"22":0,"23":0,"24":0,"25":0,"26":0,"27":0,"28":0,"29":0,"30":0,"31":0,"32":0,"33":0,"34":0,"35":0,"36":0,"37":0,"38":0,"39":0,"40":0,"41":0,"42":0,"43":0,"44":0,"45":0,"46":0,"47":0,"48":0,"49":0,"50":0,"51":0,"52":0,"53":0,"54":0,"55":0,"56":0,"57":0,"58":0,"59":0,"60":0,"61":0,"62":0,"63":0,"64":0,"65":0,"66":0,"67":0,"68":0,"69":0,"70":0,"71":0,"72":0,"73":0,"74":0,"75":0,"76":0,"77":0,"78":0,"79":0,"80":0,"81":0,"82":0,"83":0,"84":0,"85":0,"86":0,"87":0,"88":0,"89":0,"90":0,"91":0,"92":0,"93":0,"94":0,"95":0,"96":0,"97":0,"98":0,"99":0,"100":0,"101":0,"102":0,"103":0,"104":0,"105":0,"106":0,"107":0,"108":0,"109":0,"110":0,"111":0,"112":0,"113":0,"114":0,"115":0,"116":0,"117":0,"118":0,"119":0,"120":0,"121":0,"122":0,"123":0,"124":0,"125":0,"126":0,"127":0,"128":0,"129":0,"130":0,"131":0,"132":0,"133":0,"134":0,"135":0,"136":0,"137":0,"138":0,"139":0,"140":0,"141":0,"142":0,"143":0,"144":0,"145":0,"146":0,"147":0,"148":0,"149":0,"150":0,"151":0,"152":0,"153":0,"154":0,"155":0,"156":0,"157":0,"158":0,"159":0,"160":0,"161":0,"162":0,"163":0,"164":0,"165":0,"166":0},"f":{"0":0,"1":0,"2":0,"3":0,"4":0,"5":0,"6":0,"7":0,"8":0,"9":0,"10":0,"11":0,"12":0,"13":0,"14":0,"15":0,"16":0,"17":0,"18":0,"19":0,"20":0,"21":0,"22":0,"23":0,"24":0,"25":0,"26":0,"27":0,"28":0,"29":0,"30":0,"31":0,"32":0,"33":0,"34":0,"35":0,"36":0,"37":0,"38":0,"39":0,"40":0,"41":0,"42":0,"43":0,"44":0,"45":0,"46":0,"47":0,"48":0,"49":0,"50":0,"51":0,"52":0,"53":0,"54":0,"55":0,"56":0},"b":{"0":[0],"1":[0],"2":[0],"3":[0,0],"4":[0,0],"5":[0],"6":[0,0],"7":[0,0],"8":[0,0],"9":[0,0],"10":[0],"11":[0,0],"12":[0,0],"13":[0,0],"14":[0],"15":[0,0],"16":[0,0,0],"17":[0,0,0],"18":[0,0],"19":[0,0,0],"20":[0,0],"21":[0,0],"22":[0],"23":[0],"24":[0,0],"25":[0,0],"26":[0,0],"27":[0,0],"28":[0,0],"29":[0,0,0],"30":[0,0],"31":[0,0],"32":[0,0],"33":[0,0],"34":[0,0],"35":[0]}}
}
